#
# A fatal error has been detected by the Java Runtime Environment:
#
#  EXCEPTION_ACCESS_VIOLATION (0xc0000005) at pc=0x00007ff979394436, pid=8336, tid=1736
#
# JRE version: Java(TM) SE Runtime Environment (18.0.2+9) (build 18.0.2+9-61)
# Java VM: Java HotSpot(TM) 64-Bit Server VM (18.0.2+9-61, mixed mode, emulated-client, sharing, tiered, compressed oops, compressed class ptrs, g1 gc, windows-amd64)
# Problematic frame:
# V  [jvm.dll+0x324436]
#
# No core dump will be written. Minidumps are not enabled by default on client versions of Windows
#
# If you would like to submit a bug report, please visit:
#   https://bugreport.java.com/bugreport/crash.jsp
#

---------------  S U M M A R Y ------------

Command Line: -XX:+ShowCodeDetailsInExceptionMessages -agentlib:jdwp=transport=dt_socket,suspend=y,address=localhost:58447 -Dcom.sun.management.jmxremote -Dcom.sun.management.jmxremote.port=58446 -Dcom.sun.management.jmxremote.authenticate=false -Dcom.sun.management.jmxremote.ssl=false -Djava.rmi.server.hostname=localhost -Dspring.jmx.enabled=true -Dmanagement.endpoints.jmx.exposure.include=* -Dspring.application.admin.enabled=true -XX:TieredStopAtLevel=1 -Dspring.boot.project.name=enotes-api-service -javaagent:C:\Users\md aamir\Downloads\sts-4.24.0.RELEASE\configuration\org.eclipse.osgi\270\0\.cp\lib\javaagent-shaded.jar -Dfile.encoding=UTF-8 -Dstdout.encoding=UTF-8 -Dstderr.encoding=UTF-8 com.aamir.ENotesApiService1Application --spring.output.ansi.enabled=always

Host: Intel(R) Core(TM) i5-10210U CPU @ 1.60GHz, 8 cores, 7G,  Windows 10 , 64 bit Build 19041 (10.0.19041.5072)
Time: Sun Jan  5 16:46:38 2025 India Standard Time elapsed time: 15037.930474 seconds (0d 4h 10m 37s)

---------------  T H R E A D  ---------------

Current thread (0x000002b57e4c0170):  WorkerThread "GC Thread#2" [stack: 0x000000f60e100000,0x000000f60e200000] [id=1736]

Stack: [0x000000f60e100000,0x000000f60e200000],  sp=0x000000f60e1fe290,  free space=1016k
Native frames: (J=compiled Java code, j=interpreted, Vv=VM code, C=native code)
V  [jvm.dll+0x324436]
V  [jvm.dll+0x336118]
V  [jvm.dll+0x2e651b]
V  [jvm.dll+0x2e5fb4]
V  [jvm.dll+0x2e5f45]
V  [jvm.dll+0x7a4f56]
V  [jvm.dll+0x7a4de9]
V  [jvm.dll+0x7a53c0]
V  [jvm.dll+0x33673c]
V  [jvm.dll+0x3365d5]
V  [jvm.dll+0x33ebf4]
V  [jvm.dll+0x33ed6b]
V  [jvm.dll+0x820a44]
V  [jvm.dll+0x7a125a]
V  [jvm.dll+0x698275]
C  [ucrtbase.dll+0x21bb2]
C  [KERNEL32.DLL+0x17374]
C  [ntdll.dll+0x4cc91]

JavaThread 0x000002b57e6d3270 (nid = 5864) was being processed
Java frames: (J=compiled Java code, j=interpreted, Vv=VM code)
j  java.lang.invoke.DirectMethodHandle$Holder.newInvokeSpecial(Ljava/lang/Object;)Ljava/lang/Object;+15 java.base@18.0.2
J 1852 c1 jdk.internal.reflect.DirectConstructorHandleAccessor.newInstance([Ljava/lang/Object;)Ljava/lang/Object; java.base@18.0.2 (148 bytes) @ 0x000002b5737bee5c [0x000002b5737be9e0+0x000000000000047c]
J 1847 c1 java.lang.reflect.Constructor.newInstanceWithCaller([Ljava/lang/Object;ZLjava/lang/Class;)Ljava/lang/Object; java.base@18.0.2 (51 bytes) @ 0x000002b5737ba9fc [0x000002b5737ba940+0x00000000000000bc]
J 1884 c1 java.lang.reflect.Constructor.newInstance([Ljava/lang/Object;)Ljava/lang/Object; java.base@18.0.2 (34 bytes) @ 0x000002b5737ca0e4 [0x000002b5737ca040+0x00000000000000a4]
j  org.hibernate.metamodel.internal.EntityInstantiatorPojoStandard.instantiate(Lorg/hibernate/engine/spi/SessionFactoryImplementor;)Ljava/lang/Object;+51
j  org.hibernate.persister.entity.AbstractEntityPersister.lambda$prepareMappingModel$14(Lorg/hibernate/metamodel/spi/EntityInstantiator;Lorg/hibernate/engine/spi/SessionFactoryImplementor;)Ljava/lang/Object;+2
j  org.hibernate.persister.entity.AbstractEntityPersister$$Lambda$1073+0x000000080143a848.get()Ljava/lang/Object;+8
j  org.hibernate.internal.util.LazyValue.getValue()Ljava/lang/Object;+11
j  org.hibernate.persister.entity.AbstractEntityPersister$$Lambda$1074+0x000000080143aa58.get()Ljava/lang/Object;+4
j  org.hibernate.engine.internal.UnsavedValueFactory.getUnsavedIdentifierValue(Lorg/hibernate/mapping/KeyValue;Lorg/hibernate/type/descriptor/java/JavaType;Lorg/hibernate/property/access/spi/Getter;Ljava/util/function/Supplier;)Lorg/hibernate/engine/spi/IdentifierValue;+22
j  org.hibernate.metamodel.mapping.internal.BasicEntityIdentifierMappingImpl.<init>(Lorg/hibernate/persister/entity/EntityPersister;Ljava/util/function/Supplier;Ljava/lang/String;Ljava/lang/String;Ljava/lang/String;Ljava/lang/String;Ljava/lang/Long;Ljava/lang/Integer;Ljava/lang/Integer;ZZLorg/hibernate/type/BasicType;Lorg/hibernate/metamodel/mapping/internal/MappingModelCreationProcess;)V+178
j  org.hibernate.persister.entity.AbstractEntityPersister.generateIdentifierMapping(Ljava/util/function/Supplier;Lorg/hibernate/mapping/PersistentClass;Lorg/hibernate/metamodel/mapping/internal/MappingModelCreationProcess;)Lorg/hibernate/metamodel/mapping/EntityIdentifierMapping;+209
j  org.hibernate.persister.entity.AbstractEntityPersister.lambda$prepareMappingModel$15(Ljava/util/function/Supplier;Lorg/hibernate/mapping/PersistentClass;Ljava/lang/String;Lorg/hibernate/metamodel/mapping/internal/MappingModelCreationProcess;)Lorg/hibernate/metamodel/mapping/EntityIdentifierMapping;+5
j  org.hibernate.persister.entity.AbstractEntityPersister$$Lambda$1075+0x000000080143ae50.produceSubMapping(Ljava/lang/String;Lorg/hibernate/metamodel/mapping/internal/MappingModelCreationProcess;)Ljava/lang/Object;+14
j  org.hibernate.metamodel.mapping.internal.MappingModelCreationProcess.processSubPart(Ljava/lang/String;Lorg/hibernate/metamodel/mapping/internal/MappingModelCreationProcess$SubPartMappingProducer;)Lorg/hibernate/metamodel/mapping/ModelPart;+46
j  org.hibernate.persister.entity.AbstractEntityPersister.prepareMappingModel(Lorg/hibernate/metamodel/mapping/internal/MappingModelCreationProcess;Lorg/hibernate/mapping/PersistentClass;)V+72
j  org.hibernate.persister.entity.AbstractEntityPersister.prepareMappingModel(Lorg/hibernate/metamodel/mapping/internal/MappingModelCreationProcess;)V+149
j  org.hibernate.metamodel.mapping.internal.MappingModelCreationProcess.execute()V+96
j  org.hibernate.metamodel.mapping.internal.MappingModelCreationProcess.process(Lorg/hibernate/metamodel/model/domain/internal/EntityPersisterConcurrentMap;Lorg/hibernate/metamodel/spi/RuntimeModelCreationContext;)V+11
j  org.hibernate.metamodel.model.domain.internal.MappingMetamodelImpl.finishInitialization(Lorg/hibernate/metamodel/spi/RuntimeModelCreationContext;)V+112
j  org.hibernate.internal.SessionFactoryImpl.initializeMappingModel(Lorg/hibernate/metamodel/model/domain/internal/MappingMetamodelImpl;Lorg/hibernate/boot/spi/BootstrapContext;Lorg/hibernate/boot/spi/MetadataImplementor;Lorg/hibernate/boot/spi/SessionFactoryOptions;)V+18
j  org.hibernate.internal.SessionFactoryImpl.<init>(Lorg/hibernate/boot/spi/MetadataImplementor;Lorg/hibernate/boot/spi/SessionFactoryOptions;Lorg/hibernate/boot/spi/BootstrapContext;)V+599
j  org.hibernate.boot.internal.SessionFactoryBuilderImpl.build()Lorg/hibernate/SessionFactory;+16
j  org.hibernate.jpa.boot.internal.EntityManagerFactoryBuilderImpl.build()Ljakarta/persistence/EntityManagerFactory;+22
j  org.springframework.orm.jpa.vendor.SpringHibernateJpaPersistenceProvider.createContainerEntityManagerFactory(Ljakarta/persistence/spi/PersistenceUnitInfo;Ljava/util/Map;)Ljakarta/persistence/EntityManagerFactory;+59
j  org.springframework.orm.jpa.LocalContainerEntityManagerFactoryBean.createNativeEntityManagerFactory()Ljakarta/persistence/EntityManagerFactory;+111
j  org.springframework.orm.jpa.AbstractEntityManagerFactoryBean.buildNativeEntityManagerFactory()Ljakarta/persistence/EntityManagerFactory;+1
j  org.springframework.orm.jpa.AbstractEntityManagerFactoryBean.afterPropertiesSet()V+192
j  org.springframework.orm.jpa.LocalContainerEntityManagerFactoryBean.afterPropertiesSet()V+84
J 6025 c1 org.springframework.beans.factory.support.AbstractAutowireCapableBeanFactory.invokeInitMethods(Ljava/lang/String;Ljava/lang/Object;Lorg/springframework/beans/factory/support/RootBeanDefinition;)V (161 bytes) @ 0x000002b573ef7354 [0x000002b573ef70e0+0x0000000000000274]
J 6023 c1 org.springframework.beans.factory.support.AbstractAutowireCapableBeanFactory.initializeBean(Ljava/lang/String;Ljava/lang/Object;Lorg/springframework/beans/factory/support/RootBeanDefinition;)Ljava/lang/Object; (93 bytes) @ 0x000002b573ef6944 [0x000002b573ef6880+0x00000000000000c4]
J 6028 c1 org.springframework.beans.factory.support.AbstractAutowireCapableBeanFactory.doCreateBean(Ljava/lang/String;Lorg/springframework/beans/factory/support/RootBeanDefinition;[Ljava/lang/Object;)Ljava/lang/Object; (469 bytes) @ 0x000002b573efed9c [0x000002b573efe7e0+0x00000000000005bc]
J 6027 c1 org.springframework.beans.factory.support.AbstractAutowireCapableBeanFactory.createBean(Ljava/lang/String;Lorg/springframework/beans/factory/support/RootBeanDefinition;[Ljava/lang/Object;)Ljava/lang/Object; (214 bytes) @ 0x000002b573ef9dbc [0x000002b573ef9920+0x000000000000049c]
J 6045 c1 org.springframework.beans.factory.support.AbstractBeanFactory$$Lambda$358+0x0000000800e44890.getObject()Ljava/lang/Object; (20 bytes) @ 0x000002b573f0711c [0x000002b573f070a0+0x000000000000007c]
J 6041 c1 org.springframework.beans.factory.support.DefaultSingletonBeanRegistry.getSingleton(Ljava/lang/String;Lorg/springframework/beans/factory/ObjectFactory;)Ljava/lang/Object; (279 bytes) @ 0x000002b573f0589c [0x000002b573f055a0+0x00000000000002fc]
J 3007 c1 org.springframework.beans.factory.support.AbstractBeanFactory.doGetBean(Ljava/lang/String;Ljava/lang/Class;[Ljava/lang/Object;Z)Ljava/lang/Object; (787 bytes) @ 0x000002b5739d7aec [0x000002b5739d7520+0x00000000000005cc]
J 3023 c1 org.springframework.beans.factory.support.AbstractBeanFactory.getBean(Ljava/lang/String;Ljava/lang/Class;)Ljava/lang/Object; (9 bytes) @ 0x000002b5739d2004 [0x000002b5739d1fa0+0x0000000000000064]
j  org.springframework.context.support.AbstractApplicationContext.finishBeanFactoryInitialization(Lorg/springframework/beans/factory/config/ConfigurableListableBeanFactory;)V+109
j  org.springframework.context.support.AbstractApplicationContext.refresh()V+94
j  org.springframework.boot.web.servlet.context.ServletWebServerApplicationContext.refresh()V+1
j  org.springframework.boot.SpringApplication.refresh(Lorg/springframework/context/ConfigurableApplicationContext;)V+1
j  org.springframework.boot.SpringApplication.refreshContext(Lorg/springframework/context/ConfigurableApplicationContext;)V+16
j  org.springframework.boot.SpringApplication.run([Ljava/lang/String;)Lorg/springframework/context/ConfigurableApplicationContext;+110
j  org.springframework.boot.SpringApplication.run([Ljava/lang/Class;[Ljava/lang/String;)Lorg/springframework/context/ConfigurableApplicationContext;+9
j  org.springframework.boot.SpringApplication.run(Ljava/lang/Class;[Ljava/lang/String;)Lorg/springframework/context/ConfigurableApplicationContext;+9
j  com.aamir.ENotesApiService1Application.main([Ljava/lang/String;)V+3
j  java.lang.invoke.LambdaForm$DMH+0x0000000800c06000.invokeStatic(Ljava/lang/Object;Ljava/lang/Object;)V+10 java.base@18.0.2
j  java.lang.invoke.LambdaForm$MH+0x0000000800fc8000.invoke(Ljava/lang/Object;Ljava/lang/Object;Ljava/lang/Object;)Ljava/lang/Object;+33 java.base@18.0.2
J 4300 c1 java.lang.reflect.Method.invoke(Ljava/lang/Object;[Ljava/lang/Object;)Ljava/lang/Object; java.base@18.0.2 (108 bytes) @ 0x000002b573bf81cc [0x000002b573bf77e0+0x00000000000009ec]
j  org.springframework.boot.devtools.restart.RestartLauncher.run()V+47
v  ~StubRoutines::call_stub

siginfo: EXCEPTION_ACCESS_VIOLATION (0xc0000005), reading address 0xffffffffffffffff


Register to memory mapping:

RIP=0x00007ff979394436 jvm.dll
RAX=0x0083030000830300 is an unknown value
RBX=0x0000000000000001 is an unknown value
RCX=0x0000000000000001 is an unknown value
RDX=0x00000000000f60d6 is an unknown value
RSP=0x000000f60e1fe290 points into unknown readable memory: 0x00000000000000a8 | a8 00 00 00 00 00 00 00
RBP=0x000000000000000c is an unknown value
RSI=0x000000f60e1fe620 points into unknown readable memory: 0x000000f60d6fd0d8 | d8 d0 6f 0d f6 00 00 00
RDI=0x000000f60d6fd0e0 is pointing into the stack for thread: 0x000002b57e6d3270
R8 =0x000000f60d6fd0e0 is pointing into the stack for thread: 0x000002b57e6d3270
R9 =0x000000000dbe4300 is an unknown value
R10=0x000000f60d6fd0e0 is pointing into the stack for thread: 0x000002b57e6d3270
R11=0x000000f60e1fe4d8 points into unknown readable memory: 0x00007ff979355fb4 | b4 5f 35 79 f9 7f 00 00
R12=0x000000000dbe4300 is an unknown value
R13=0x00000008006df207 is pointing into metadata
R14=0x000000f60d6fd0e0 is pointing into the stack for thread: 0x000002b57e6d3270
R15=0x000002b50515f360 points into unknown readable memory: 0x00007ff979994db0 | b0 4d 99 79 f9 7f 00 00


Registers:
RAX=0x0083030000830300, RBX=0x0000000000000001, RCX=0x0000000000000001, RDX=0x00000000000f60d6
RSP=0x000000f60e1fe290, RBP=0x000000000000000c, RSI=0x000000f60e1fe620, RDI=0x000000f60d6fd0e0
R8 =0x000000f60d6fd0e0, R9 =0x000000000dbe4300, R10=0x000000f60d6fd0e0, R11=0x000000f60e1fe4d8
R12=0x000000000dbe4300, R13=0x00000008006df207, R14=0x000000f60d6fd0e0, R15=0x000002b50515f360
RIP=0x00007ff979394436, EFLAGS=0x0000000000010203

Top of Stack: (sp=0x000000f60e1fe290)
0x000000f60e1fe290:   00000000000000a8 000002b57dad77d8
0x000000f60e1fe2a0:   000000000000015f 00007ff9796f8508
0x000000f60e1fe2b0:   000000000000015f 000002b57e4464a0
0x000000f60e1fe2c0:   0083030000830300 00007ff979781cc0
0x000000f60e1fe2d0:   000000f60d6fd0e0 0000000000000008
0x000000f60e1fe2e0:   000002b5055a80b8 0000000000000003
0x000000f60e1fe2f0:   0000000000000003 000002b57e4aefb0
0x000000f60e1fe300:   0000000000000000 000000f60d6fd0e0
0x000000f60e1fe310:   000000f60e1fe620 000000f60e1fe460
0x000000f60e1fe320:   000002b50515dec8 00007ff9793a6118
0x000000f60e1fe330:   000000f60e1f0000 000000f60e1f0100
0x000000f60e1fe340:   0000000800440068 000000f60d6fd0e0
0x000000f60e1fe350:   000002b50515dec8 00007ff97935651b
0x000000f60e1fe360:   0000000000000001 00000008004f59f8
0x000000f60e1fe370:   000002b50515dec8 000000f60e1fe620
0x000000f60e1fe380:   0000000000000001 00000008000c8c48 

Instructions: (pc=0x00007ff979394436)
0x00007ff979394336:   c3 48 8b 5c 24 40 48 8b 6c 24 48 48 8b 74 24 50
0x00007ff979394346:   48 83 c4 20 41 5f 41 5e 5f c3 40 53 55 56 57 41
0x00007ff979394356:   54 41 55 41 56 41 57 48 83 ec 58 80 3d d1 f7 80
0x00007ff979394366:   00 00 49 8b f9 4d 8b f0 0f b7 da 4c 8b f9 74 16
0x00007ff979394376:   45 8b 68 08 8b 0d 20 b6 79 00 49 d3 e5 4c 03 2d
0x00007ff979394386:   0e b6 79 00 eb 04 4d 8b 68 08 49 8b d5 49 8b ce
0x00007ff979394396:   e8 45 0b ea ff 4c 8b e0 48 89 bc 24 b8 00 00 00
0x00007ff9793943a6:   33 c0 8b e8 0f b7 c3 66 c1 e8 08 66 89 84 24 a0
0x00007ff9793943b6:   00 00 00 84 c0 75 3f 40 0f b6 cf f6 d1 f6 c1 01
0x00007ff9793943c6:   75 05 48 8b ef eb 15 48 8d 54 24 40 48 8d 8c 24
0x00007ff9793943d6:   b8 00 00 00 e8 91 09 30 00 48 8b 28 48 c1 ed 03
0x00007ff9793943e6:   83 e5 0f 41 3b af 78 01 00 00 73 0a 66 89 9c 24
0x00007ff9793943f6:   a8 00 00 00 eb 12 66 c7 84 24 a8 00 00 00 00 01
0x00007ff979394406:   0f b7 9c 24 a8 00 00 00 49 8b 47 08 49 8b d6 66
0x00007ff979394416:   c1 eb 08 8b 88 48 02 00 00 48 8b 80 38 02 00 00
0x00007ff979394426:   48 d3 ea 48 0f be cb 48 8b 04 d0 48 89 44 24 30
0x00007ff979394436:   44 8b 80 b0 00 00 00 49 8b 47 70 44 89 84 24 b0
0x00007ff979394446:   00 00 00 48 8b 54 c8 10 84 db 75 04 4a 8d 14 c2
0x00007ff979394456:   48 8b 0a 48 8b 71 38 48 8b 41 40 48 2b c6 48 c1
0x00007ff979394466:   e8 03 49 3b c4 72 0d 4a 8d 04 e6 48 89 41 38 48
0x00007ff979394476:   85 f6 75 3d 44 89 44 24 28 48 8d 94 24 a8 00 00
0x00007ff979394486:   00 4d 8b c6 89 6c 24 20 4d 8b cc 49 8b cf e8 87
0x00007ff979394496:   fa ff ff 48 8b f0 48 85 c0 75 16 4d 8b cc 4c 8b
0x00007ff9793944a6:   c7 49 8b d6 49 8b cf e8 3e 07 00 00 e9 69 03 00
0x00007ff9793944b6:   00 48 8d 0d 42 bb cd ff 49 83 fc 08 77 4d 42 8b
0x00007ff9793944c6:   84 a1 34 48 32 00 48 03 c1 ff e0 49 8b 46 38 48
0x00007ff9793944d6:   89 46 38 49 8b 46 30 48 89 46 30 49 8b 46 28 48
0x00007ff9793944e6:   89 46 28 49 8b 46 20 48 89 46 20 49 8b 46 18 48
0x00007ff9793944f6:   89 46 18 49 8b 46 10 48 89 46 10 49 8b 46 08 48
0x00007ff979394506:   89 46 08 49 8b 06 48 89 06 eb 13 4e 8d 04 e5 00
0x00007ff979394516:   00 00 00 49 8b d6 48 8b ce e8 ac bb 52 00 48 8b
0x00007ff979394526:   ce 48 8b c7 48 83 c9 03 f0 49 0f b1 0e 48 8b d8 


Stack slot to memory mapping:
stack at sp + 0 slots: 0x00000000000000a8 is an unknown value
stack at sp + 1 slots: 0x000002b57dad77d8 points into unknown readable memory: 0x88000a00f299020d | 0d 02 99 f2 00 0a 00 88
stack at sp + 2 slots: 0x000000000000015f is an unknown value
stack at sp + 3 slots: 0x00007ff9796f8508 jvm.dll
stack at sp + 4 slots: 0x000000000000015f is an unknown value
stack at sp + 5 slots: 0x000002b57e4464a0 points into unknown readable memory: 0x000002b57e4276b0 | b0 76 42 7e b5 02 00 00
stack at sp + 6 slots: 0x0083030000830300 is an unknown value
stack at sp + 7 slots: 0x00007ff979781cc0 jvm.dll


---------------  P R O C E S S  ---------------

Threads class SMR info:
_java_thread_list=0x000002b505318610, length=30, elements={
0x000002b57d82ef40, 0x000002b57d830250, 0x000002b57d84de50, 0x000002b57d84e700,
0x000002b57d84f750, 0x000002b57d8508e0, 0x000002b57d855850, 0x000002b57d856a20,
0x000002b57da408e0, 0x000002b57da95fc0, 0x000002b57dab1e40, 0x000002b57dab2320,
0x000002b57e26ab50, 0x000002b57e3a17f0, 0x000002b57e392a40, 0x000002b57e3d6070,
0x000002b57e91a640, 0x000002b57eb84a30, 0x000002b57eba5a10, 0x000002b57eba7bc0,
0x000002b57eba63b0, 0x000002b57e6d9780, 0x000002b57e6d45b0, 0x000002b57e6d3270,
0x000002b57e6da5f0, 0x000002b57e6d75d0, 0x000002b57e6da120, 0x000002b57e6d2da0,
0x000002b57e6d9c50, 0x000002b57e6d3c10
}

Java Threads: ( => current thread )
  0x000002b57d82ef40 JavaThread "Reference Handler" daemon [_thread_blocked, id=4888, stack(0x000000f60cc00000,0x000000f60cd00000)]
  0x000002b57d830250 JavaThread "Finalizer" daemon [_thread_blocked, id=10192, stack(0x000000f60cd00000,0x000000f60ce00000)]
  0x000002b57d84de50 JavaThread "Signal Dispatcher" daemon [_thread_blocked, id=6540, stack(0x000000f60ce00000,0x000000f60cf00000)]
  0x000002b57d84e700 JavaThread "Attach Listener" daemon [_thread_blocked, id=8572, stack(0x000000f60cf00000,0x000000f60d000000)]
  0x000002b57d84f750 JavaThread "Service Thread" daemon [_thread_blocked, id=13248, stack(0x000000f60d000000,0x000000f60d100000)]
  0x000002b57d8508e0 JavaThread "Monitor Deflation Thread" daemon [_thread_blocked, id=5096, stack(0x000000f60d100000,0x000000f60d200000)]
  0x000002b57d855850 JavaThread "C1 CompilerThread0" daemon [_thread_blocked, id=7816, stack(0x000000f60d200000,0x000000f60d300000)]
  0x000002b57d856a20 JavaThread "Sweeper thread" daemon [_thread_blocked, id=14084, stack(0x000000f60d300000,0x000000f60d400000)]
  0x000002b57da408e0 JavaThread "Common-Cleaner" daemon [_thread_blocked, id=12124, stack(0x000000f60d400000,0x000000f60d500000)]
  0x000002b57da95fc0 JavaThread "JDWP Transport Listener: dt_socket" daemon [_thread_blocked, id=11028, stack(0x000000f60d700000,0x000000f60d800000)]
  0x000002b57dab1e40 JavaThread "JDWP Event Helper Thread" daemon [_thread_blocked, id=3076, stack(0x000000f60d800000,0x000000f60d900000)]
  0x000002b57dab2320 JavaThread "JDWP Command Reader" daemon [_thread_in_native, id=10984, stack(0x000000f60d900000,0x000000f60da00000)]
  0x000002b57e26ab50 JavaThread "Notification Thread" daemon [_thread_blocked, id=12568, stack(0x000000f60db00000,0x000000f60dc00000)]
  0x000002b57e3a17f0 JavaThread "RMI TCP Accept-0" daemon [_thread_in_native, id=15072, stack(0x000000f60dc00000,0x000000f60dd00000)]
  0x000002b57e392a40 JavaThread "RMI TCP Accept-58446" daemon [_thread_in_native, id=5400, stack(0x000000f60dd00000,0x000000f60de00000)]
  0x000002b57e3d6070 JavaThread "RMI TCP Accept-0" daemon [_thread_in_native, id=10064, stack(0x000000f60de00000,0x000000f60df00000)]
  0x000002b57e91a640 JavaThread "RMI Scheduler(0)" daemon [_thread_blocked, id=9108, stack(0x000000f60eb00000,0x000000f60ec00000)]
  0x000002b57eb84a30 JavaThread "RMI TCP Connection(128)-127.0.0.1" daemon [_thread_in_native, id=12328, stack(0x000000f60ec00000,0x000000f60ed00000)]
  0x000002b57eba5a10 JavaThread "JMX server connection timeout 28" daemon [_thread_blocked, id=10788, stack(0x000000f60ed00000,0x000000f60ee00000)]
  0x000002b57eba7bc0 JavaThread "mysql-cj-abandoned-connection-cleanup" daemon [_thread_blocked, id=14424, stack(0x000000f60f200000,0x000000f60f300000)]
  0x000002b57eba63b0 JavaThread "Live Reload Server" daemon [_thread_in_native, id=8340, stack(0x000000f60f800000,0x000000f60f900000)]
  0x000002b57e6d9780 JavaThread "DestroyJavaVM" [_thread_blocked, id=8696, stack(0x000000f60c500000,0x000000f60c600000)]
  0x000002b57e6d45b0 JavaThread "Thread-47" [_thread_blocked, id=12792, stack(0x000000f60c300000,0x000000f60c400000)]
  0x000002b57e6d3270 JavaThread "restartedMain" [_thread_blocked, id=5864, stack(0x000000f60d600000,0x000000f60d700000)]
  0x000002b57e6da5f0 JavaThread "Catalina-utility-1" [_thread_blocked, id=7112, stack(0x000000f60da00000,0x000000f60db00000)]
  0x000002b57e6d75d0 JavaThread "Catalina-utility-2" [_thread_blocked, id=6324, stack(0x000000f60e800000,0x000000f60e900000)]
  0x000002b57e6da120 JavaThread "container-0" [_thread_blocked, id=14416, stack(0x000000f60e900000,0x000000f60ea00000)]
  0x000002b57e6d2da0 JavaThread "HikariPool-13 housekeeper" daemon [_thread_blocked, id=3824, stack(0x000000f60ea00000,0x000000f60eb00000)]
  0x000002b57e6d9c50 JavaThread "HikariPool-13 connection closer" daemon [_thread_blocked, id=1664, stack(0x000000f60c200000,0x000000f60c300000)]
  0x000002b57e6d3c10 JavaThread "HikariPool-13 connection adder" daemon [_thread_blocked, id=1500, stack(0x000000f60c400000,0x000000f60c500000)]

Other Threads:
  0x000002b57d82b890 VMThread "VM Thread" [stack: 0x000000f60cb00000,0x000000f60cc00000] [id=8984]
  0x000002b57e38bce0 WatcherThread "VM Periodic Task Thread" [stack: 0x000000f60df00000,0x000000f60e000000] [id=6628]
  0x000002b56b939bc0 WorkerThread "GC Thread#0" [stack: 0x000000f60c600000,0x000000f60c700000] [id=12832]
  0x000002b57e4bfed0 WorkerThread "GC Thread#1" [stack: 0x000000f60e000000,0x000000f60e100000] [id=8280]
=>0x000002b57e4c0170 WorkerThread "GC Thread#2" [stack: 0x000000f60e100000,0x000000f60e200000] [id=1736]
  0x000002b57e4a1030 WorkerThread "GC Thread#3" [stack: 0x000000f60e200000,0x000000f60e300000] [id=10248]
  0x000002b57e4d74e0 WorkerThread "GC Thread#4" [stack: 0x000000f60e300000,0x000000f60e400000] [id=6284]
  0x000002b57e4d7780 WorkerThread "GC Thread#5" [stack: 0x000000f60e400000,0x000000f60e500000] [id=3216]
  0x000002b57e4d7a20 WorkerThread "GC Thread#6" [stack: 0x000000f60e500000,0x000000f60e600000] [id=11764]
  0x000002b57e4d7cc0 WorkerThread "GC Thread#7" [stack: 0x000000f60e600000,0x000000f60e700000] [id=11920]
  0x000002b56b94abf0 ConcurrentGCThread "G1 Main Marker" [stack: 0x000000f60c700000,0x000000f60c800000] [id=11656]
  0x000002b56b94b3f0 WorkerThread "G1 Conc#0" [stack: 0x000000f60c800000,0x000000f60c900000] [id=3960]
  0x000002b57efe82d0 WorkerThread "G1 Conc#1" [stack: 0x000000f60ef00000,0x000000f60f000000] [id=14788]
  0x000002b56b98ddf0 ConcurrentGCThread "G1 Refine#0" [stack: 0x000000f60c900000,0x000000f60ca00000] [id=11324]
  0x000002b57e4c0410 ConcurrentGCThread "G1 Refine#1" [stack: 0x000000f60e700000,0x000000f60e800000] [id=11152]
  0x000002b56b98ea10 ConcurrentGCThread "G1 Service" [stack: 0x000000f60ca00000,0x000000f60cb00000] [id=11856]

Threads with active compile tasks:

VM state: at safepoint (normal execution)

VM Mutex/Monitor currently owned by a thread:  ([mutex/lock_event])
[0x000002b56b8d5500] Threads_lock - owner thread: 0x000002b57d82b890
[0x000002b56b8d3cd0] Heap_lock - owner thread: 0x000002b57e6d3c10

Heap address: 0x0000000082600000, size: 2010 MB, Compressed Oops mode: 32-bit

CDS archive(s) mapped at: [0x0000000800000000-0x0000000800ba0000-0x0000000800ba0000), size 12189696, SharedBaseAddress: 0x0000000800000000, ArchiveRelocationMode: 0.
Compressed class space mapped at: 0x0000000800c00000-0x0000000840c00000, reserved size: 1073741824
Narrow klass base: 0x0000000800000000, Narrow klass shift: 0, Narrow klass range: 0x100000000

GC Precious Log:
 CardTable entry size: 512
 Card Set container configuration: InlinePtr #cards 5 size 8 Array Of Cards #cards 12 size 40 Howl #buckets 4 coarsen threshold 1843 Howl Bitmap #cards 512 size 80 coarsen threshold 460 Card regions per heap region 1 cards per card region 2048
 CPUs: 8 total, 8 available
 Memory: 8039M
 Large Page Support: Disabled
 NUMA Support: Disabled
 Compressed Oops: Enabled (32-bit)
 Heap Region Size: 1M
 Heap Min Capacity: 8M
 Heap Initial Capacity: 126M
 Heap Max Capacity: 2010M
 Pre-touch: Disabled
 Parallel Workers: 8
 Concurrent Workers: 2
 Concurrent Refinement Workers: 8
 Periodic GC: Disabled

Heap:
 garbage-first heap   total 89088K, used 68169K [0x0000000082600000, 0x0000000100000000)
  region size 1024K, 38 young (38912K), 2 survivors (2048K)
 Metaspace       used 78601K, committed 79296K, reserved 1179648K
  class space    used 10677K, committed 10944K, reserved 1048576K

Heap Regions: E=young(eden), S=young(survivor), O=old, HS=humongous(starts), HC=humongous(continues), CS=collection set, F=free, OA=open archive, CA=closed archive, TAMS=top-at-mark-start (previous, next)
|   0|0x0000000082600000, 0x0000000082700000, 0x0000000082700000|100%|HS|  |TAMS 0x0000000082700000, 0x0000000082600000| Untracked 
|   1|0x0000000082700000, 0x0000000082800000, 0x0000000082800000|100%| O|  |TAMS 0x0000000082800000, 0x0000000082700000| Untracked 
|   2|0x0000000082800000, 0x0000000082900000, 0x0000000082900000|100%| O|  |TAMS 0x0000000082900000, 0x0000000082800000| Untracked 
|   3|0x0000000082900000, 0x0000000082a00000, 0x0000000082a00000|100%| O|  |TAMS 0x0000000082a00000, 0x0000000082900000| Untracked 
|   4|0x0000000082a00000, 0x0000000082affff0, 0x0000000082b00000| 99%| O|  |TAMS 0x0000000082affff0, 0x0000000082a00000| Untracked 
|   5|0x0000000082b00000, 0x0000000082bffff0, 0x0000000082c00000| 99%| O|  |TAMS 0x0000000082bffff0, 0x0000000082b00000| Untracked 
|   6|0x0000000082c00000, 0x0000000082cffff0, 0x0000000082d00000| 99%| O|  |TAMS 0x0000000082cffff0, 0x0000000082c00000| Untracked 
|   7|0x0000000082d00000, 0x0000000082dffff8, 0x0000000082e00000| 99%| O|  |TAMS 0x0000000082dffff8, 0x0000000082d00000| Untracked 
|   8|0x0000000082e00000, 0x0000000082efff60, 0x0000000082f00000| 99%| O|  |TAMS 0x0000000082efff60, 0x0000000082e00000| Untracked 
|   9|0x0000000082f00000, 0x0000000082fffff0, 0x0000000083000000| 99%| O|  |TAMS 0x0000000082fffff0, 0x0000000082f00000| Untracked 
|  10|0x0000000083000000, 0x0000000083100000, 0x0000000083100000|100%| O|  |TAMS 0x0000000083100000, 0x0000000083000000| Untracked 
|  11|0x0000000083100000, 0x00000000831ffff0, 0x0000000083200000| 99%| O|  |TAMS 0x00000000831ffff0, 0x0000000083100000| Untracked 
|  12|0x0000000083200000, 0x00000000832fffe8, 0x0000000083300000| 99%| O|  |TAMS 0x00000000832fffe8, 0x0000000083200000| Untracked 
|  13|0x0000000083300000, 0x0000000083400000, 0x0000000083400000|100%| O|  |TAMS 0x0000000083400000, 0x0000000083300000| Untracked 
|  14|0x0000000083400000, 0x00000000834ffff0, 0x0000000083500000| 99%| O|  |TAMS 0x00000000834ffff0, 0x0000000083400000| Untracked 
|  15|0x0000000083500000, 0x00000000835ffff0, 0x0000000083600000| 99%| O|  |TAMS 0x00000000835ffff0, 0x0000000083500000| Untracked 
|  16|0x0000000083600000, 0x00000000836ffff8, 0x0000000083700000| 99%| O|  |TAMS 0x00000000836ffff8, 0x0000000083600000| Untracked 
|  17|0x0000000083700000, 0x00000000837ffff8, 0x0000000083800000| 99%| O|  |TAMS 0x00000000837ffff8, 0x0000000083700000| Untracked 
|  18|0x0000000083800000, 0x00000000838ffeb0, 0x0000000083900000| 99%| O|  |TAMS 0x00000000838ffeb0, 0x0000000083800000| Untracked 
|  19|0x0000000083900000, 0x0000000083a00000, 0x0000000083a00000|100%| O|  |TAMS 0x0000000083a00000, 0x0000000083900000| Untracked 
|  20|0x0000000083a00000, 0x0000000083affea8, 0x0000000083b00000| 99%| O|  |TAMS 0x0000000083a00000, 0x0000000083a00000| Untracked 
|  21|0x0000000083b00000, 0x0000000083bfffc0, 0x0000000083c00000| 99%| O|  |TAMS 0x0000000083b00000, 0x0000000083b00000| Untracked 
|  22|0x0000000083c00000, 0x0000000083d00000, 0x0000000083d00000|100%| O|  |TAMS 0x0000000083c00000, 0x0000000083c00000| Untracked 
|  23|0x0000000083d00000, 0x0000000083dffff8, 0x0000000083e00000| 99%| O|  |TAMS 0x0000000083d00000, 0x0000000083d00000| Untracked 
|  24|0x0000000083e00000, 0x0000000083efeee0, 0x0000000083f00000| 99%| O|  |TAMS 0x0000000083e00000, 0x0000000083e00000| Untracked 
|  25|0x0000000083f00000, 0x0000000083fbab78, 0x0000000084000000| 72%| O|  |TAMS 0x0000000083f00000, 0x0000000083f00000| Untracked 
|  26|0x0000000084000000, 0x0000000084096378, 0x0000000084100000| 58%| O|  |TAMS 0x0000000084000000, 0x0000000084000000| Untracked 
|  27|0x0000000084100000, 0x0000000084200000, 0x0000000084200000|100%| O|  |TAMS 0x0000000084100000, 0x0000000084100000| Untracked 
|  28|0x0000000084200000, 0x0000000084296458, 0x0000000084300000| 58%| O|  |TAMS 0x0000000084200000, 0x0000000084200000| Untracked 
|  29|0x0000000084300000, 0x0000000084400000, 0x0000000084400000|100%| O|  |TAMS 0x0000000084300000, 0x0000000084300000| Untracked 
|  30|0x0000000084400000, 0x00000000844dea40, 0x0000000084500000| 86%| O|  |TAMS 0x0000000084400000, 0x0000000084400000| Untracked 
|  31|0x0000000084500000, 0x0000000084500000, 0x0000000084600000|  0%| F|  |TAMS 0x0000000084500000, 0x0000000084500000| Untracked 
|  32|0x0000000084600000, 0x0000000084600000, 0x0000000084700000|  0%| F|  |TAMS 0x0000000084600000, 0x0000000084600000| Untracked 
|  33|0x0000000084700000, 0x000000008475aa58, 0x0000000084800000| 35%| O|  |TAMS 0x0000000084700000, 0x0000000084700000| Untracked 
|  34|0x0000000084800000, 0x0000000084800000, 0x0000000084900000|  0%| F|  |TAMS 0x0000000084800000, 0x0000000084800000| Untracked 
|  35|0x0000000084900000, 0x0000000084900000, 0x0000000084a00000|  0%| F|  |TAMS 0x0000000084900000, 0x0000000084900000| Untracked 
|  36|0x0000000084a00000, 0x0000000084a00000, 0x0000000084b00000|  0%| F|  |TAMS 0x0000000084a00000, 0x0000000084a00000| Untracked 
|  37|0x0000000084b00000, 0x0000000084b00000, 0x0000000084c00000|  0%| F|  |TAMS 0x0000000084b00000, 0x0000000084b00000| Untracked 
|  38|0x0000000084c00000, 0x0000000084c00000, 0x0000000084d00000|  0%| F|  |TAMS 0x0000000084c00000, 0x0000000084c00000| Untracked 
|  39|0x0000000084d00000, 0x0000000084d00000, 0x0000000084e00000|  0%| F|  |TAMS 0x0000000084d00000, 0x0000000084d00000| Untracked 
|  40|0x0000000084e00000, 0x0000000084e00000, 0x0000000084f00000|  0%| F|  |TAMS 0x0000000084e00000, 0x0000000084e00000| Untracked 
|  41|0x0000000084f00000, 0x0000000084f00000, 0x0000000085000000|  0%| F|  |TAMS 0x0000000084f00000, 0x0000000084f00000| Untracked 
|  42|0x0000000085000000, 0x0000000085000000, 0x0000000085100000|  0%| F|  |TAMS 0x0000000085000000, 0x0000000085000000| Untracked 
|  43|0x0000000085100000, 0x0000000085147680, 0x0000000085200000| 27%| E|CS|TAMS 0x0000000085100000, 0x0000000085100000| Complete 
|  44|0x0000000085200000, 0x0000000085300000, 0x0000000085300000|100%| E|CS|TAMS 0x0000000085200000, 0x0000000085200000| Complete 
|  45|0x0000000085300000, 0x0000000085400000, 0x0000000085400000|100%| E|CS|TAMS 0x0000000085300000, 0x0000000085300000| Complete 
|  46|0x0000000085400000, 0x0000000085500000, 0x0000000085500000|100%| E|CS|TAMS 0x0000000085400000, 0x0000000085400000| Complete 
|  47|0x0000000085500000, 0x0000000085500000, 0x0000000085600000|  0%| F|  |TAMS 0x0000000085500000, 0x0000000085500000| Untracked 
|  48|0x0000000085600000, 0x00000000856732e0, 0x0000000085700000| 44%| S|  |TAMS 0x0000000085600000, 0x0000000085600000| Complete 
|  49|0x0000000085700000, 0x0000000085800000, 0x0000000085800000|100%| S|  |TAMS 0x0000000085700000, 0x0000000085700000| Complete 
|  50|0x0000000085800000, 0x0000000085900000, 0x0000000085900000|100%| E|CS|TAMS 0x0000000085800000, 0x0000000085800000| Complete 
|  51|0x0000000085900000, 0x000000008590a9e8, 0x0000000085a00000|  4%| O|  |TAMS 0x0000000085900000, 0x0000000085900000| Untracked 
|  52|0x0000000085a00000, 0x0000000085afff18, 0x0000000085b00000| 99%| E|CS|TAMS 0x0000000085a00000, 0x0000000085a00000| Complete 
|  53|0x0000000085b00000, 0x0000000085c00000, 0x0000000085c00000|100%| E|CS|TAMS 0x0000000085b00000, 0x0000000085b00000| Complete 
|  54|0x0000000085c00000, 0x0000000085d00000, 0x0000000085d00000|100%| E|CS|TAMS 0x0000000085c00000, 0x0000000085c00000| Complete 
|  55|0x0000000085d00000, 0x0000000085e00000, 0x0000000085e00000|100%| E|CS|TAMS 0x0000000085d00000, 0x0000000085d00000| Complete 
|  56|0x0000000085e00000, 0x0000000085f00000, 0x0000000085f00000|100%| E|CS|TAMS 0x0000000085e00000, 0x0000000085e00000| Complete 
|  57|0x0000000085f00000, 0x0000000086000000, 0x0000000086000000|100%| E|CS|TAMS 0x0000000085f00000, 0x0000000085f00000| Complete 
|  58|0x0000000086000000, 0x0000000086100000, 0x0000000086100000|100%| E|CS|TAMS 0x0000000086000000, 0x0000000086000000| Complete 
|  59|0x0000000086100000, 0x0000000086200000, 0x0000000086200000|100%| E|CS|TAMS 0x0000000086100000, 0x0000000086100000| Complete 
|  60|0x0000000086200000, 0x0000000086300000, 0x0000000086300000|100%| E|CS|TAMS 0x0000000086200000, 0x0000000086200000| Complete 
|  61|0x0000000086300000, 0x0000000086400000, 0x0000000086400000|100%| E|CS|TAMS 0x0000000086300000, 0x0000000086300000| Complete 
|  62|0x0000000086400000, 0x0000000086500000, 0x0000000086500000|100%| E|CS|TAMS 0x0000000086400000, 0x0000000086400000| Complete 
|  63|0x0000000086500000, 0x0000000086600000, 0x0000000086600000|100%| E|CS|TAMS 0x0000000086500000, 0x0000000086500000| Complete 
|  64|0x0000000086600000, 0x0000000086700000, 0x0000000086700000|100%| E|CS|TAMS 0x0000000086600000, 0x0000000086600000| Complete 
|  65|0x0000000086700000, 0x0000000086800000, 0x0000000086800000|100%| E|CS|TAMS 0x0000000086700000, 0x0000000086700000| Complete 
|  66|0x0000000086800000, 0x0000000086900000, 0x0000000086900000|100%| E|CS|TAMS 0x0000000086800000, 0x0000000086800000| Complete 
|  67|0x0000000086900000, 0x0000000086a00000, 0x0000000086a00000|100%| E|CS|TAMS 0x0000000086900000, 0x0000000086900000| Complete 
|  68|0x0000000086a00000, 0x0000000086b00000, 0x0000000086b00000|100%| E|CS|TAMS 0x0000000086a00000, 0x0000000086a00000| Complete 
|  69|0x0000000086b00000, 0x0000000086c00000, 0x0000000086c00000|100%| E|CS|TAMS 0x0000000086b00000, 0x0000000086b00000| Complete 
|  70|0x0000000086c00000, 0x0000000086d00000, 0x0000000086d00000|100%| E|CS|TAMS 0x0000000086c00000, 0x0000000086c00000| Complete 
|  71|0x0000000086d00000, 0x0000000086e00000, 0x0000000086e00000|100%| E|CS|TAMS 0x0000000086d00000, 0x0000000086d00000| Complete 
|  72|0x0000000086e00000, 0x0000000086f00000, 0x0000000086f00000|100%| E|CS|TAMS 0x0000000086e00000, 0x0000000086e00000| Complete 
|  73|0x0000000086f00000, 0x0000000087000000, 0x0000000087000000|100%| E|CS|TAMS 0x0000000086f00000, 0x0000000086f00000| Complete 
|  74|0x0000000087000000, 0x0000000087100000, 0x0000000087100000|100%| E|CS|TAMS 0x0000000087000000, 0x0000000087000000| Complete 
|  75|0x0000000087100000, 0x0000000087200000, 0x0000000087200000|100%| E|CS|TAMS 0x0000000087100000, 0x0000000087100000| Complete 
|  76|0x0000000087200000, 0x0000000087300000, 0x0000000087300000|100%| E|CS|TAMS 0x0000000087200000, 0x0000000087200000| Complete 
|  77|0x0000000087300000, 0x0000000087400000, 0x0000000087400000|100%| E|CS|TAMS 0x0000000087300000, 0x0000000087300000| Complete 
|  78|0x0000000087400000, 0x0000000087500000, 0x0000000087500000|100%| E|CS|TAMS 0x0000000087400000, 0x0000000087400000| Complete 
|  79|0x0000000087500000, 0x0000000087600000, 0x0000000087600000|100%| E|CS|TAMS 0x0000000087500000, 0x0000000087500000| Complete 
|  80|0x0000000087600000, 0x0000000087700000, 0x0000000087700000|100%| E|CS|TAMS 0x0000000087600000, 0x0000000087600000| Complete 
|  81|0x0000000087700000, 0x0000000087800000, 0x0000000087800000|100%| E|CS|TAMS 0x0000000087700000, 0x0000000087700000| Complete 
|  82|0x0000000087800000, 0x0000000087900000, 0x0000000087900000|100%| E|CS|TAMS 0x0000000087800000, 0x0000000087800000| Complete 
|  83|0x0000000087900000, 0x0000000087a00000, 0x0000000087a00000|100%| E|CS|TAMS 0x0000000087900000, 0x0000000087900000| Complete 
|  84|0x0000000087a00000, 0x0000000087b00000, 0x0000000087b00000|100%| E|CS|TAMS 0x0000000087a00000, 0x0000000087a00000| Complete 
|  85|0x0000000087b00000, 0x0000000087c00000, 0x0000000087c00000|100%| E|CS|TAMS 0x0000000087b00000, 0x0000000087b00000| Complete 
|  86|0x0000000087c00000, 0x0000000087d00000, 0x0000000087d00000|100%| E|CS|TAMS 0x0000000087c00000, 0x0000000087c00000| Complete 

Card table byte_map: [0x000002b576700000,0x000002b576af0000] _byte_map_base: 0x000002b5762ed000

Marking Bits (Prev, Next): (CMBitMap*) 0x000002b56b93a020, (CMBitMap*) 0x000002b56b939fe0
 Prev Bits: [0x000002b578e50000, 0x000002b57adb8000)
 Next Bits: [0x000002b576ee0000, 0x000002b578e48000)

Polling page: 0x000002b5697a0000

Metaspace:

Usage:
  Non-class:     66.33 MB used.
      Class:     10.43 MB used.
       Both:     76.76 MB used.

Virtual space:
  Non-class space:      128.00 MB reserved,      66.75 MB ( 52%) committed,  2 nodes.
      Class space:        1.00 GB reserved,      10.69 MB (  1%) committed,  1 nodes.
             Both:        1.12 GB reserved,      77.44 MB (  7%) committed. 

Chunk freelists:
   Non-Class:  1.08 MB
       Class:  1.13 MB
        Both:  2.21 MB

MaxMetaspaceSize: unlimited
CompressedClassSpaceSize: 1.00 GB
Initial GC threshold: 21.00 MB
Current GC threshold: 128.69 MB
CDS: on
MetaspaceReclaimPolicy: balanced
 - commit_granule_bytes: 65536.
 - commit_granule_words: 8192.
 - virtual_space_node_default_size: 8388608.
 - enlarge_chunks_in_place: 1.
 - new_chunks_are_fully_committed: 0.
 - uncommit_free_chunks: 1.
 - use_allocation_guard: 0.


Internal statistics:

num_allocs_failed_limit: 14.
num_arena_births: 1802.
num_arena_deaths: 1028.
num_vsnodes_births: 3.
num_vsnodes_deaths: 0.
num_space_committed: 1239.
num_space_uncommitted: 0.
num_chunks_returned_to_freelist: 1246.
num_chunks_taken_from_freelist: 5102.
num_chunk_merges: 289.
num_chunk_splits: 3149.
num_chunks_enlarged: 2390.
num_inconsistent_stats: 0.

CodeCache: size=49152Kb used=23028Kb max_used=23873Kb free=26123Kb
 bounds [0x000002b573200000, 0x000002b574960000, 0x000002b576200000]
 total_blobs=13267 nmethods=12540 adapters=653
 compilation: enabled
              stopped_count=0, restarted_count=0
 full_count=0

Compilation events (20 events):
Event: 14554.859 Thread 0x000002b57d855850 12531       1       java.net.ServerSocket::isClosed (5 bytes)
Event: 14554.860 Thread 0x000002b57d855850 nmethod 12531 0x000002b574878b10 code [0x000002b574878ca0, 0x000002b574878d78]
Event: 14794.895 Thread 0x000002b57d855850 12532       1       java.util.LinkedList::getLast (22 bytes)
Event: 14794.896 Thread 0x000002b57d855850 nmethod 12532 0x000002b574878690 code [0x000002b574878840, 0x000002b5748789c8]
Event: 14854.906 Thread 0x000002b57d855850 12533       1       java.net.SocketImpl::getLocalPort (5 bytes)
Event: 14854.906 Thread 0x000002b57d855850 nmethod 12533 0x000002b574878390 code [0x000002b574878520, 0x000002b5748785f8]
Event: 14914.913 Thread 0x000002b57d855850 12534   !   1       sun.rmi.transport.tcp.TCPTransport::getEndpoint (25 bytes)
Event: 14914.913 Thread 0x000002b57d855850 nmethod 12534 0x000002b574877c90 code [0x000002b574877e40, 0x000002b574878148]
Event: 15033.792 Thread 0x000002b57d855850 12535       1       java.net.Socket::setImpl (6 bytes)
Event: 15033.792 Thread 0x000002b57d855850 nmethod 12535 0x000002b574877990 code [0x000002b574877b20, 0x000002b574877c38]
Event: 15033.792 Thread 0x000002b57d855850 12536       1       java.net.SocketImpl::getInetAddress (5 bytes)
Event: 15033.792 Thread 0x000002b57d855850 nmethod 12536 0x000002b574877690 code [0x000002b574877820, 0x000002b5748778f8]
Event: 15033.792 Thread 0x000002b57d855850 12537       1       java.io.InputStream::markSupported (2 bytes)
Event: 15033.792 Thread 0x000002b57d855850 nmethod 12537 0x000002b574877390 code [0x000002b574877520, 0x000002b5748775f8]
Event: 15033.792 Thread 0x000002b57d855850 12538       1       java.net.Socket::isBound (5 bytes)
Event: 15033.793 Thread 0x000002b57d855850 nmethod 12538 0x000002b574877090 code [0x000002b574877220, 0x000002b5748772f8]
Event: 15033.793 Thread 0x000002b57d855850 12539       1       sun.rmi.transport.tcp.TCPEndpoint::getClientSocketFactory (5 bytes)
Event: 15033.793 Thread 0x000002b57d855850 nmethod 12539 0x000002b574876d90 code [0x000002b574876f20, 0x000002b574876ff8]
Event: 15033.793 Thread 0x000002b57d855850 12540       1       sun.rmi.transport.tcp.TCPEndpoint::getServerSocketFactory (5 bytes)
Event: 15033.793 Thread 0x000002b57d855850 nmethod 12540 0x000002b574876a90 code [0x000002b574876c20, 0x000002b574876cf8]

GC Heap History (20 events):
Event: 9045.807 GC heap after
{Heap after GC invocations=50 (full 9):
 garbage-first heap   total 89088K, used 31003K [0x0000000082600000, 0x0000000100000000)
  region size 1024K, 4 young (4096K), 4 survivors (4096K)
 Metaspace       used 77303K, committed 78080K, reserved 1179648K
  class space    used 10562K, committed 10880K, reserved 1048576K
}
Event: 9046.681 GC heap before
{Heap before GC invocations=50 (full 9):
 garbage-first heap   total 89088K, used 67867K [0x0000000082600000, 0x0000000100000000)
  region size 1024K, 40 young (40960K), 4 survivors (4096K)
 Metaspace       used 77593K, committed 78336K, reserved 1179648K
  class space    used 10587K, committed 10880K, reserved 1048576K
}
Event: 9046.686 GC heap after
{Heap after GC invocations=51 (full 9):
 garbage-first heap   total 89088K, used 33553K [0x0000000082600000, 0x0000000100000000)
  region size 1024K, 3 young (3072K), 3 survivors (3072K)
 Metaspace       used 77593K, committed 78336K, reserved 1179648K
  class space    used 10587K, committed 10880K, reserved 1048576K
}
Event: 9080.490 GC heap before
{Heap before GC invocations=51 (full 9):
 garbage-first heap   total 89088K, used 45841K [0x0000000082600000, 0x0000000100000000)
  region size 1024K, 16 young (16384K), 3 survivors (3072K)
 Metaspace       used 77615K, committed 78336K, reserved 1179648K
  class space    used 10589K, committed 10880K, reserved 1048576K
}
Event: 9080.594 GC heap after
{Heap after GC invocations=52 (full 10):
 garbage-first heap   total 89088K, used 27727K [0x0000000082600000, 0x0000000100000000)
  region size 1024K, 0 young (0K), 0 survivors (0K)
 Metaspace       used 77517K, committed 78336K, reserved 1179648K
  class space    used 10564K, committed 10880K, reserved 1048576K
}
Event: 9081.385 GC heap before
{Heap before GC invocations=52 (full 10):
 garbage-first heap   total 89088K, used 67663K [0x0000000082600000, 0x0000000100000000)
  region size 1024K, 39 young (39936K), 0 survivors (0K)
 Metaspace       used 77619K, committed 78336K, reserved 1179648K
  class space    used 10577K, committed 10880K, reserved 1048576K
}
Event: 9081.389 GC heap after
{Heap after GC invocations=53 (full 10):
 garbage-first heap   total 89088K, used 30871K [0x0000000082600000, 0x0000000100000000)
  region size 1024K, 4 young (4096K), 4 survivors (4096K)
 Metaspace       used 77619K, committed 78336K, reserved 1179648K
  class space    used 10577K, committed 10880K, reserved 1048576K
}
Event: 9082.624 GC heap before
{Heap before GC invocations=53 (full 10):
 garbage-first heap   total 89088K, used 66711K [0x0000000082600000, 0x0000000100000000)
  region size 1024K, 40 young (40960K), 4 survivors (4096K)
 Metaspace       used 77917K, committed 78592K, reserved 1179648K
  class space    used 10605K, committed 10880K, reserved 1048576K
}
Event: 9082.629 GC heap after
{Heap after GC invocations=54 (full 10):
 garbage-first heap   total 89088K, used 33795K [0x0000000082600000, 0x0000000100000000)
  region size 1024K, 4 young (4096K), 4 survivors (4096K)
 Metaspace       used 77917K, committed 78592K, reserved 1179648K
  class space    used 10605K, committed 10880K, reserved 1048576K
}
Event: 9138.185 GC heap before
{Heap before GC invocations=54 (full 10):
 garbage-first heap   total 89088K, used 47107K [0x0000000082600000, 0x0000000100000000)
  region size 1024K, 18 young (18432K), 4 survivors (4096K)
 Metaspace       used 77939K, committed 78656K, reserved 1179648K
  class space    used 10607K, committed 10880K, reserved 1048576K
}
Event: 9138.311 GC heap after
{Heap after GC invocations=55 (full 11):
 garbage-first heap   total 89088K, used 28069K [0x0000000082600000, 0x0000000100000000)
  region size 1024K, 0 young (0K), 0 survivors (0K)
 Metaspace       used 77932K, committed 78656K, reserved 1179648K
  class space    used 10606K, committed 10880K, reserved 1048576K
}
Event: 9139.149 GC heap before
{Heap before GC invocations=55 (full 11):
 garbage-first heap   total 89088K, used 65957K [0x0000000082600000, 0x0000000100000000)
  region size 1024K, 38 young (38912K), 0 survivors (0K)
 Metaspace       used 78035K, committed 78720K, reserved 1179648K
  class space    used 10622K, committed 10880K, reserved 1048576K
}
Event: 9139.152 GC heap after
{Heap after GC invocations=56 (full 11):
 garbage-first heap   total 89088K, used 31212K [0x0000000082600000, 0x0000000100000000)
  region size 1024K, 4 young (4096K), 4 survivors (4096K)
 Metaspace       used 78035K, committed 78720K, reserved 1179648K
  class space    used 10622K, committed 10880K, reserved 1048576K
}
Event: 9139.478 GC heap before
{Heap before GC invocations=56 (full 11):
 garbage-first heap   total 89088K, used 67052K [0x0000000082600000, 0x0000000100000000)
  region size 1024K, 39 young (39936K), 4 survivors (4096K)
 Metaspace       used 78316K, committed 79040K, reserved 1179648K
  class space    used 10644K, committed 10944K, reserved 1048576K
}
Event: 9139.483 GC heap after
{Heap after GC invocations=57 (full 11):
 garbage-first heap   total 89088K, used 33998K [0x0000000082600000, 0x0000000100000000)
  region size 1024K, 4 young (4096K), 4 survivors (4096K)
 Metaspace       used 78316K, committed 79040K, reserved 1179648K
  class space    used 10644K, committed 10944K, reserved 1048576K
}
Event: 9370.807 GC heap before
{Heap before GC invocations=57 (full 11):
 garbage-first heap   total 89088K, used 56526K [0x0000000082600000, 0x0000000100000000)
  region size 1024K, 27 young (27648K), 4 survivors (4096K)
 Metaspace       used 78346K, committed 79040K, reserved 1179648K
  class space    used 10651K, committed 10944K, reserved 1048576K
}
Event: 9370.872 GC heap after
{Heap after GC invocations=58 (full 12):
 garbage-first heap   total 89088K, used 27948K [0x0000000082600000, 0x0000000100000000)
  region size 1024K, 0 young (0K), 0 survivors (0K)
 Metaspace       used 78333K, committed 79040K, reserved 1179648K
  class space    used 10649K, committed 10944K, reserved 1048576K
}
Event: 9371.475 GC heap before
{Heap before GC invocations=58 (full 12):
 garbage-first heap   total 89088K, used 67884K [0x0000000082600000, 0x0000000100000000)
  region size 1024K, 39 young (39936K), 0 survivors (0K)
 Metaspace       used 78434K, committed 79168K, reserved 1179648K
  class space    used 10662K, committed 10944K, reserved 1048576K
}
Event: 9371.483 GC heap after
{Heap after GC invocations=59 (full 12):
 garbage-first heap   total 89088K, used 31306K [0x0000000082600000, 0x0000000100000000)
  region size 1024K, 4 young (4096K), 4 survivors (4096K)
 Metaspace       used 78434K, committed 79168K, reserved 1179648K
  class space    used 10662K, committed 10944K, reserved 1048576K
}
Event: 15037.886 GC heap before
{Heap before GC invocations=59 (full 12):
 garbage-first heap   total 89088K, used 67146K [0x0000000082600000, 0x0000000100000000)
  region size 1024K, 40 young (40960K), 4 survivors (4096K)
 Metaspace       used 78601K, committed 79296K, reserved 1179648K
  class space    used 10677K, committed 10944K, reserved 1048576K
}

Deoptimization events (20 events):
Event: 13282.290 Thread 0x000002b57e6d7aa0 DEOPT PACKING pc=0x000002b57473ffe4 sp=0x000000f60eefda60
Event: 13282.290 Thread 0x000002b57e6d7aa0 DEOPT UNPACKING pc=0x000002b573252b43 sp=0x000000f60eefcf48 mode 1
Event: 13282.290 Thread 0x000002b57e6d7aa0 DEOPT PACKING pc=0x000002b57464b444 sp=0x000000f60eefdbb0
Event: 13282.290 Thread 0x000002b57e6d7aa0 DEOPT UNPACKING pc=0x000002b573252b43 sp=0x000000f60eefd0d0 mode 1
Event: 13282.290 Thread 0x000002b57e6d7aa0 DEOPT PACKING pc=0x000002b57464aebc sp=0x000000f60eefdca0
Event: 13282.290 Thread 0x000002b57e6d7aa0 DEOPT UNPACKING pc=0x000002b573252b43 sp=0x000000f60eefd158 mode 1
Event: 13282.290 Thread 0x000002b57e6d7aa0 DEOPT PACKING pc=0x000002b57492b8fc sp=0x000000f60eefd780
Event: 13282.290 Thread 0x000002b57e6d7aa0 DEOPT UNPACKING pc=0x000002b573252b43 sp=0x000000f60eefcce0 mode 1
Event: 13282.291 Thread 0x000002b57e6d7aa0 DEOPT PACKING pc=0x000002b57464b444 sp=0x000000f60eefd930
Event: 13282.291 Thread 0x000002b57e6d7aa0 DEOPT UNPACKING pc=0x000002b573252b43 sp=0x000000f60eefce50 mode 1
Event: 13282.291 Thread 0x000002b57e6d7aa0 DEOPT PACKING pc=0x000002b57492cb54 sp=0x000000f60eefda20
Event: 13282.291 Thread 0x000002b57e6d7aa0 DEOPT UNPACKING pc=0x000002b573252b43 sp=0x000000f60eefce80 mode 1
Event: 15037.879 Thread 0x000002b57e6d9c50 DEOPT PACKING pc=0x000002b57492b8fc sp=0x000000f60c2feba0
Event: 15037.879 Thread 0x000002b57e6d9c50 DEOPT UNPACKING pc=0x000002b573252b43 sp=0x000000f60c2fe100 mode 1
Event: 15037.879 Thread 0x000002b57e6d9c50 DEOPT PACKING pc=0x000002b57464b444 sp=0x000000f60c2fed50
Event: 15037.879 Thread 0x000002b57e6d9c50 DEOPT UNPACKING pc=0x000002b573252b43 sp=0x000000f60c2fe270 mode 1
Event: 15037.879 Thread 0x000002b57e6d9c50 DEOPT PACKING pc=0x000002b57492cb54 sp=0x000000f60c2fee40
Event: 15037.879 Thread 0x000002b57e6d9c50 DEOPT UNPACKING pc=0x000002b573252b43 sp=0x000000f60c2fe2a0 mode 1
Event: 15037.879 Thread 0x000002b57e6d9c50 DEOPT PACKING pc=0x000002b57461606c sp=0x000000f60c2ff090
Event: 15037.879 Thread 0x000002b57e6d9c50 DEOPT UNPACKING pc=0x000002b573252b43 sp=0x000000f60c2fe550 mode 1

Classes loaded (20 events):
Event: 9045.703 Loading class java/lang/Configurable
Event: 9045.703 Loading class java/lang/Configurable done
Event: 9081.287 Loading class java/lang/Configurable
Event: 9081.287 Loading class java/lang/Configurable done
Event: 9081.289 Loading class java/lang/Configurable
Event: 9081.289 Loading class java/lang/Configurable done
Event: 9081.291 Loading class java/lang/Configurable
Event: 9081.291 Loading class java/lang/Configurable done
Event: 9139.061 Loading class java/lang/Configurable
Event: 9139.061 Loading class java/lang/Configurable done
Event: 9139.063 Loading class java/lang/Configurable
Event: 9139.063 Loading class java/lang/Configurable done
Event: 9139.066 Loading class java/lang/Configurable
Event: 9139.066 Loading class java/lang/Configurable done
Event: 9371.317 Loading class java/lang/Configurable
Event: 9371.317 Loading class java/lang/Configurable done
Event: 9371.319 Loading class java/lang/Configurable
Event: 9371.319 Loading class java/lang/Configurable done
Event: 9371.321 Loading class java/lang/Configurable
Event: 9371.321 Loading class java/lang/Configurable done

Classes unloaded (20 events):
Event: 9080.525 Thread 0x000002b57d82b890 Unloading class 0x00000008016b0c00 'java/lang/invoke/LambdaForm$MH+0x00000008016b0c00'
Event: 9080.525 Thread 0x000002b57d82b890 Unloading class 0x00000008016b0400 'java/lang/invoke/LambdaForm$MH+0x00000008016b0400'
Event: 9080.525 Thread 0x000002b57d82b890 Unloading class 0x00000008016ab800 'java/lang/invoke/LambdaForm$MH+0x00000008016ab800'
Event: 9080.525 Thread 0x000002b57d82b890 Unloading class 0x00000008016ab000 'java/lang/invoke/LambdaForm$MH+0x00000008016ab000'
Event: 9080.525 Thread 0x000002b57d82b890 Unloading class 0x00000008016aac00 'java/lang/invoke/LambdaForm$MH+0x00000008016aac00'
Event: 9080.525 Thread 0x000002b57d82b890 Unloading class 0x00000008016aa400 'java/lang/invoke/LambdaForm$MH+0x00000008016aa400'
Event: 9080.525 Thread 0x000002b57d82b890 Unloading class 0x00000008016aa000 'java/lang/invoke/LambdaForm$MH+0x00000008016aa000'
Event: 9080.525 Thread 0x000002b57d82b890 Unloading class 0x00000008016a9c00 'java/lang/invoke/LambdaForm$BMH+0x00000008016a9c00'
Event: 9080.525 Thread 0x000002b57d82b890 Unloading class 0x00000008016a9400 'java/lang/invoke/LambdaForm$MH+0x00000008016a9400'
Event: 9080.525 Thread 0x000002b57d82b890 Unloading class 0x00000008016a9000 'java/lang/invoke/LambdaForm$MH+0x00000008016a9000'
Event: 9080.525 Thread 0x000002b57d82b890 Unloading class 0x00000008016a8800 'java/lang/invoke/LambdaForm$MH+0x00000008016a8800'
Event: 9080.525 Thread 0x000002b57d82b890 Unloading class 0x0000000800cc1c00 'java/lang/invoke/LambdaForm$MH+0x0000000800cc1c00'
Event: 9080.525 Thread 0x000002b57d82b890 Unloading class 0x0000000801010400 'java/lang/invoke/LambdaForm$MH+0x0000000801010400'
Event: 9138.228 Thread 0x000002b57d82b890 Unloading class 0x00000008016cc000 'org/apache/catalina/loader/JdbcLeakPrevention'
Event: 9138.228 Thread 0x000002b57d82b890 Unloading class 0x0000000800cc2c00 'java/lang/invoke/LambdaForm$MH+0x0000000800cc2c00'
Event: 9138.229 Thread 0x000002b57d82b890 Unloading class 0x0000000800cc0400 'java/lang/invoke/LambdaForm$MH+0x0000000800cc0400'
Event: 9370.831 Thread 0x000002b57d82b890 Unloading class 0x00000008016b5400 'jdk/internal/reflect/GeneratedSerializationConstructorAccessor33'
Event: 9370.831 Thread 0x000002b57d82b890 Unloading class 0x00000008016b5c00 'jdk/internal/reflect/GeneratedSerializationConstructorAccessor32'
Event: 9370.831 Thread 0x000002b57d82b890 Unloading class 0x00000008016b6400 'jdk/internal/reflect/GeneratedSerializationConstructorAccessor31'
Event: 9370.831 Thread 0x000002b57d82b890 Unloading class 0x00000008016b4c00 'org/apache/catalina/loader/JdbcLeakPrevention'

Classes redefined (6 events):
Event: 7415.284 Thread 0x000002b57d82b890 redefined class name=com.aamir.ENotesApiService1Application, count=1
Event: 7415.284 Thread 0x000002b57d82b890 redefined class name=com.aamir.ENotesApiService1Application, count=1
Event: 7884.262 Thread 0x000002b57d82b890 redefined class name=com.aamir.ENotesApiService1Application, count=2
Event: 7884.262 Thread 0x000002b57d82b890 redefined class name=com.aamir.ENotesApiService1Application, count=2
Event: 7884.262 Thread 0x000002b57d82b890 redefined class name=com.aamir.ENotesApiService1Application, count=1
Event: 7884.262 Thread 0x000002b57d82b890 redefined class name=com.aamir.ENotesApiService1Application, count=1

Internal exceptions (20 events):
Event: 9371.321 Thread 0x000002b57e6d3270 Exception <a 'java/lang/ArrayIndexOutOfBoundsException'{0x000000008618d970}> (0x000000008618d970) 
thrown [s\open\src\hotspot\share\runtime\sharedRuntime.cpp, line 625]
Event: 9371.321 Thread 0x000002b57e6d3270 Exception <a 'java/lang/ArrayIndexOutOfBoundsException'{0x000000008618e1e0}> (0x000000008618e1e0) 
thrown [s\open\src\hotspot\share\runtime\sharedRuntime.cpp, line 625]
Event: 9371.371 Thread 0x000002b57e6d3270 Exception <a 'sun/nio/fs/WindowsException'{0x0000000085b5b708}> (0x0000000085b5b708) 
thrown [s\open\src\hotspot\share\prims\jni.cpp, line 516]
Event: 9371.372 Thread 0x000002b57e6d3270 Exception <a 'sun/nio/fs/WindowsException'{0x0000000085b5be30}> (0x0000000085b5be30) 
thrown [s\open\src\hotspot\share\prims\jni.cpp, line 516]
Event: 9371.372 Thread 0x000002b57e6d3270 Exception <a 'sun/nio/fs/WindowsException'{0x0000000085b5c528}> (0x0000000085b5c528) 
thrown [s\open\src\hotspot\share\prims\jni.cpp, line 516]
Event: 9371.385 Thread 0x000002b57e6d3270 Exception <a 'java/io/FileNotFoundException'{0x0000000085ba0220}> (0x0000000085ba0220) 
thrown [s\open\src\hotspot\share\prims\jni.cpp, line 516]
Event: 9371.415 Thread 0x000002b57e6d3270 Exception <a 'java/io/FileNotFoundException'{0x00000000858757c8}> (0x00000000858757c8) 
thrown [s\open\src\hotspot\share\prims\jni.cpp, line 516]
Event: 9371.507 Thread 0x000002b57e6d3270 Exception <a 'sun/nio/fs/WindowsException'{0x0000000087cb0d70}> (0x0000000087cb0d70) 
thrown [s\open\src\hotspot\share\prims\jni.cpp, line 516]
Event: 9413.900 Thread 0x000002b57eb84a30 Exception <a 'java/lang/NoSuchMethodError'{0x000000008660cd28}: static [B.<clinit>()V> (0x000000008660cd28) 
thrown [s\open\src\hotspot\share\prims\jni.cpp, line 1104]
Event: 13281.863 Thread 0x000002b57e6d6c30 Exception <a 'java/net/SocketException'{0x00000000866789f0}: Connection reset by peer: shutdown> (0x00000000866789f0) 
thrown [s\open\src\hotspot\share\prims\jni.cpp, line 535]
Event: 13281.863 Thread 0x000002b57e6d6c30 Exception <a 'java/io/IOException'{0x000000008667a8a0}> (0x000000008667a8a0) 
thrown [s\open\src\hotspot\share\prims\jni.cpp, line 516]
Event: 13281.864 Thread 0x000002b57e6d6c30 Exception <a 'sun/net/ConnectionResetException'{0x000000008667cd30}: Connection reset> (0x000000008667cd30) 
thrown [s\open\src\hotspot\share\prims\jni.cpp, line 535]
Event: 13281.865 Thread 0x000002b57e6d6c30 Exception <a 'java/net/SocketException'{0x000000008667f198}: Connection reset by peer: shutdown> (0x000000008667f198) 
thrown [s\open\src\hotspot\share\prims\jni.cpp, line 535]
Event: 13281.865 Thread 0x000002b57e6d6c30 Exception <a 'java/io/IOException'{0x0000000086680d28}> (0x0000000086680d28) 
thrown [s\open\src\hotspot\share\prims\jni.cpp, line 516]
Event: 13281.866 Thread 0x000002b57e6d6c30 Exception <a 'java/net/SocketException'{0x0000000086683190}: Connection reset by peer: shutdown> (0x0000000086683190) 
thrown [s\open\src\hotspot\share\prims\jni.cpp, line 535]
Event: 13281.866 Thread 0x000002b57e6d6c30 Exception <a 'java/net/SocketException'{0x0000000086684cd0}: Connection reset by peer: shutdown> (0x0000000086684cd0) 
thrown [s\open\src\hotspot\share\prims\jni.cpp, line 535]
Event: 13281.867 Thread 0x000002b57e6d6c30 Exception <a 'java/net/SocketException'{0x0000000086686810}: Connection reset by peer: shutdown> (0x0000000086686810) 
thrown [s\open\src\hotspot\share\prims\jni.cpp, line 535]
Event: 13281.867 Thread 0x000002b57e6d6c30 Exception <a 'java/io/IOException'{0x00000000866883a0}> (0x00000000866883a0) 
thrown [s\open\src\hotspot\share\prims\jni.cpp, line 516]
Event: 13281.868 Thread 0x000002b57e6d6c30 Exception <a 'java/net/SocketException'{0x000000008668a808}: Connection reset by peer: shutdown> (0x000000008668a808) 
thrown [s\open\src\hotspot\share\prims\jni.cpp, line 535]
Event: 15037.879 Thread 0x000002b57e6d9c50 Exception <a 'java/net/SocketException'{0x00000000858528d0}: Connection reset by peer: shutdown> (0x00000000858528d0) 
thrown [s\open\src\hotspot\share\prims\jni.cpp, line 535]

VM Operations (20 events):
Event: 9373.956 Executing VM operation: get/set locals done
Event: 9373.957 Executing VM operation: get/set locals
Event: 9373.957 Executing VM operation: get/set locals done
Event: 9373.959 Executing VM operation: get/set locals
Event: 9373.959 Executing VM operation: get/set locals done
Event: 9373.960 Executing VM operation: get/set locals
Event: 9373.960 Executing VM operation: get/set locals done
Event: 9373.961 Executing VM operation: get/set locals
Event: 9373.961 Executing VM operation: get/set locals done
Event: 9373.962 Executing VM operation: get/set locals
Event: 9373.962 Executing VM operation: get/set locals done
Event: 9713.998 Executing VM operation: Cleanup
Event: 9713.998 Executing VM operation: Cleanup done
Event: 10255.440 Executing VM operation: Cleanup
Event: 10255.440 Executing VM operation: Cleanup done
Event: 13282.017 Executing VM operation: Cleanup
Event: 13282.018 Executing VM operation: Cleanup done
Event: 13295.120 Executing VM operation: Cleanup
Event: 13295.120 Executing VM operation: Cleanup done
Event: 15037.886 Executing VM operation: G1CollectForAllocation

Events (20 events):
Event: 9370.807 Thread 0x000002b57e6d3c10 Thread exited: 0x000002b57e6d3c10
Event: 9370.807 Thread 0x000002b57e6d6290 Thread exited: 0x000002b57e6d6290
Event: 9370.872 Thread 0x000002b57e6d4f50 Thread added: 0x000002b57e6d4f50
Event: 9370.873 Thread 0x000002b57e6d6c30 Thread exited: 0x000002b57e6d6c30
Event: 9370.873 Thread 0x000002b57e6d4f50 Thread exited: 0x000002b57e6d4f50
Event: 9370.874 Thread 0x000002b57e6d3270 Thread added: 0x000002b57e6d3270
Event: 9370.960 Thread 0x000002b57e6d5420 Thread added: 0x000002b57e6d5420
Event: 9371.013 Thread 0x000002b57e6d5420 Thread exited: 0x000002b57e6d5420
Event: 9371.416 Thread 0x000002b57e6da5f0 Thread added: 0x000002b57e6da5f0
Event: 9371.416 Thread 0x000002b57e6d75d0 Thread added: 0x000002b57e6d75d0
Event: 9371.417 Thread 0x000002b57e6da120 Thread added: 0x000002b57e6da120
Event: 9371.592 Thread 0x000002b57e6d2da0 Thread added: 0x000002b57e6d2da0
Event: 9371.700 Thread 0x000002b57e6d3740 Thread added: 0x000002b57e6d3740
Event: 9377.334 Thread 0x000002b57e6d3740 Thread exited: 0x000002b57e6d3740
Event: 13281.862 Thread 0x000002b57e6d6c30 Thread added: 0x000002b57e6d6c30
Event: 13281.863 Thread 0x000002b57e6d7aa0 Thread added: 0x000002b57e6d7aa0
Event: 13286.880 Thread 0x000002b57e6d6c30 Thread exited: 0x000002b57e6d6c30
Event: 13287.333 Thread 0x000002b57e6d7aa0 Thread exited: 0x000002b57e6d7aa0
Event: 15037.878 Thread 0x000002b57e6d9c50 Thread added: 0x000002b57e6d9c50
Event: 15037.880 Thread 0x000002b57e6d3c10 Thread added: 0x000002b57e6d3c10


Dynamic libraries:
0x00007ff68f680000 - 0x00007ff68f690000 	C:\Program Files\Java\jdk-18.0.2\bin\javaw.exe
0x00007ff9bddd0000 - 0x00007ff9bdfc8000 	C:\WINDOWS\SYSTEM32\ntdll.dll
0x00007ff9bc310000 - 0x00007ff9bc3d2000 	C:\WINDOWS\System32\KERNEL32.DLL
0x00007ff9bb4c0000 - 0x00007ff9bb7be000 	C:\WINDOWS\System32\KERNELBASE.dll
0x00007ff9bbab0000 - 0x00007ff9bbbb0000 	C:\WINDOWS\System32\ucrtbase.dll
0x00007ff9b1900000 - 0x00007ff9b1918000 	C:\Program Files\Java\jdk-18.0.2\bin\jli.dll
0x00007ff9a43e0000 - 0x00007ff9a43fa000 	C:\Program Files\Java\jdk-18.0.2\bin\VCRUNTIME140.dll
0x00007ff9bd060000 - 0x00007ff9bd111000 	C:\WINDOWS\System32\ADVAPI32.dll
0x00007ff9bc4e0000 - 0x00007ff9bc57e000 	C:\WINDOWS\System32\msvcrt.dll
0x00007ff9bc3e0000 - 0x00007ff9bc47f000 	C:\WINDOWS\System32\sechost.dll
0x00007ff9bd120000 - 0x00007ff9bd243000 	C:\WINDOWS\System32\RPCRT4.dll
0x00007ff9bba80000 - 0x00007ff9bbaa7000 	C:\WINDOWS\System32\bcrypt.dll
0x00007ff9bc150000 - 0x00007ff9bc2ed000 	C:\WINDOWS\System32\USER32.dll
0x00007ff9bbbb0000 - 0x00007ff9bbbd2000 	C:\WINDOWS\System32\win32u.dll
0x00007ff9a8580000 - 0x00007ff9a881a000 	C:\WINDOWS\WinSxS\amd64_microsoft.windows.common-controls_6595b64144ccf1df_6.0.19041.4355_none_60b8b9eb71f62e16\COMCTL32.dll
0x00007ff9bcf50000 - 0x00007ff9bcf7b000 	C:\WINDOWS\System32\GDI32.dll
0x00007ff9bb960000 - 0x00007ff9bba77000 	C:\WINDOWS\System32\gdi32full.dll
0x00007ff9bb8c0000 - 0x00007ff9bb95d000 	C:\WINDOWS\System32\msvcp_win.dll
0x00007ff9b5910000 - 0x00007ff9b591a000 	C:\WINDOWS\SYSTEM32\VERSION.dll
0x00007ff9bdd60000 - 0x00007ff9bdd8f000 	C:\WINDOWS\System32\IMM32.DLL
0x00007ff9b7fe0000 - 0x00007ff9b7fec000 	C:\Program Files\Java\jdk-18.0.2\bin\vcruntime140_1.dll
0x00007ff9a2e60000 - 0x00007ff9a2eed000 	C:\Program Files\Java\jdk-18.0.2\bin\msvcp140.dll
0x00007ff979070000 - 0x00007ff979c81000 	C:\Program Files\Java\jdk-18.0.2\bin\server\jvm.dll
0x00007ff9bd440000 - 0x00007ff9bd448000 	C:\WINDOWS\System32\PSAPI.DLL
0x00007ff9a5010000 - 0x00007ff9a5019000 	C:\WINDOWS\SYSTEM32\WSOCK32.dll
0x00007ff9a7350000 - 0x00007ff9a7377000 	C:\WINDOWS\SYSTEM32\WINMM.dll
0x00007ff9bcb70000 - 0x00007ff9bcbdb000 	C:\WINDOWS\System32\WS2_32.dll
0x00007ff9b9c90000 - 0x00007ff9b9ca2000 	C:\WINDOWS\SYSTEM32\kernel.appcore.dll
0x00007ff9b57d0000 - 0x00007ff9b57da000 	C:\Program Files\Java\jdk-18.0.2\bin\jimage.dll
0x00007ff9b91d0000 - 0x00007ff9b93b4000 	C:\WINDOWS\SYSTEM32\DBGHELP.DLL
0x00007ff9a53d0000 - 0x00007ff9a5404000 	C:\WINDOWS\SYSTEM32\dbgcore.DLL
0x00007ff9bb830000 - 0x00007ff9bb8b2000 	C:\WINDOWS\System32\bcryptPrimitives.dll
0x00007ff9a2e20000 - 0x00007ff9a2e5b000 	C:\Program Files\Java\jdk-18.0.2\bin\jdwp.dll
0x00007ff9b5770000 - 0x00007ff9b577e000 	C:\Program Files\Java\jdk-18.0.2\bin\instrument.dll
0x00007ff9a2df0000 - 0x00007ff9a2e15000 	C:\Program Files\Java\jdk-18.0.2\bin\java.dll
0x00007ff9a2d10000 - 0x00007ff9a2de6000 	C:\Program Files\Java\jdk-18.0.2\bin\jsvml.dll
0x00007ff9bd540000 - 0x00007ff9bdcad000 	C:\WINDOWS\System32\SHELL32.dll
0x00007ff9b94d0000 - 0x00007ff9b9c74000 	C:\WINDOWS\SYSTEM32\windows.storage.dll
0x00007ff9bcbe0000 - 0x00007ff9bcf33000 	C:\WINDOWS\System32\combase.dll
0x00007ff9badd0000 - 0x00007ff9badfe000 	C:\WINDOWS\SYSTEM32\Wldp.dll
0x00007ff9bc630000 - 0x00007ff9bc6fd000 	C:\WINDOWS\System32\OLEAUT32.dll
0x00007ff9bc580000 - 0x00007ff9bc62d000 	C:\WINDOWS\System32\SHCORE.dll
0x00007ff9bd4e0000 - 0x00007ff9bd535000 	C:\WINDOWS\System32\shlwapi.dll
0x00007ff9bb3a0000 - 0x00007ff9bb3c4000 	C:\WINDOWS\SYSTEM32\profapi.dll
0x00007ff9a9b90000 - 0x00007ff9a9b9c000 	C:\Program Files\Java\jdk-18.0.2\bin\dt_socket.dll
0x00007ff9ba810000 - 0x00007ff9ba84b000 	C:\WINDOWS\SYSTEM32\IPHLPAPI.DLL
0x00007ff9bab30000 - 0x00007ff9bab9a000 	C:\WINDOWS\system32\mswsock.dll
0x00007ff9ba850000 - 0x00007ff9ba91a000 	C:\WINDOWS\SYSTEM32\DNSAPI.dll
0x00007ff9bcf40000 - 0x00007ff9bcf48000 	C:\WINDOWS\System32\NSI.dll
0x00007ff9aa190000 - 0x00007ff9aa19a000 	C:\Windows\System32\rasadhlp.dll
0x00007ff9aa1b0000 - 0x00007ff9aa230000 	C:\WINDOWS\System32\fwpuclnt.dll
0x00007ff9a2cf0000 - 0x00007ff9a2d08000 	C:\Program Files\Java\jdk-18.0.2\bin\zip.dll
0x00007ff997d60000 - 0x00007ff997d73000 	C:\Program Files\Java\jdk-18.0.2\bin\net.dll
0x00007ff9b3660000 - 0x00007ff9b376d000 	C:\WINDOWS\SYSTEM32\WINHTTP.dll
0x00007ff997af0000 - 0x00007ff997b06000 	C:\Program Files\Java\jdk-18.0.2\bin\nio.dll
0x00007ff9a6420000 - 0x00007ff9a6429000 	C:\Program Files\Java\jdk-18.0.2\bin\management.dll
0x00007ff9a5b10000 - 0x00007ff9a5b1b000 	C:\Program Files\Java\jdk-18.0.2\bin\management_ext.dll
0x00007ff99c280000 - 0x00007ff99c297000 	C:\WINDOWS\system32\napinsp.dll
0x00007ff99c260000 - 0x00007ff99c27b000 	C:\WINDOWS\system32\pnrpnsp.dll
0x00007ff99c240000 - 0x00007ff99c255000 	C:\WINDOWS\system32\wshbth.dll
0x00007ff9b7d40000 - 0x00007ff9b7d5d000 	C:\WINDOWS\system32\NLAapi.dll
0x00007ff99c220000 - 0x00007ff99c232000 	C:\WINDOWS\System32\winrnr.dll
0x00007ff9bad20000 - 0x00007ff9bad38000 	C:\WINDOWS\SYSTEM32\CRYPTSP.dll
0x00007ff9ba450000 - 0x00007ff9ba484000 	C:\WINDOWS\system32\rsaenh.dll
0x00007ff9bb360000 - 0x00007ff9bb38e000 	C:\WINDOWS\SYSTEM32\USERENV.dll
0x00007ff9bad40000 - 0x00007ff9bad4c000 	C:\WINDOWS\SYSTEM32\CRYPTBASE.dll
0x00007ff9b3c70000 - 0x00007ff9b3c87000 	C:\WINDOWS\SYSTEM32\dhcpcsvc6.DLL
0x00007ff9b4c50000 - 0x00007ff9b4c6d000 	C:\WINDOWS\SYSTEM32\dhcpcsvc.DLL
0x00007ff9a1310000 - 0x00007ff9a1320000 	C:\Program Files\Java\jdk-18.0.2\bin\verify.dll
0x00007ff99cac0000 - 0x00007ff99cace000 	C:\Program Files\Java\jdk-18.0.2\bin\sunmscapi.dll
0x00007ff9bbbe0000 - 0x00007ff9bbd3c000 	C:\WINDOWS\System32\CRYPT32.dll
0x00007ff9bae40000 - 0x00007ff9bae67000 	C:\WINDOWS\SYSTEM32\ncrypt.dll
0x00007ff9bae00000 - 0x00007ff9bae3b000 	C:\WINDOWS\SYSTEM32\NTASN1.dll

dbghelp: loaded successfully - version: 4.0.5 - missing functions: none
symbol engine: initialized successfully - sym options: 0x614 - pdb path: .;C:\Program Files\Java\jdk-18.0.2\bin;C:\WINDOWS\SYSTEM32;C:\WINDOWS\WinSxS\amd64_microsoft.windows.common-controls_6595b64144ccf1df_6.0.19041.4355_none_60b8b9eb71f62e16;C:\Program Files\Java\jdk-18.0.2\bin\server

VM Arguments:
jvm_args: -XX:+ShowCodeDetailsInExceptionMessages -agentlib:jdwp=transport=dt_socket,suspend=y,address=localhost:58447 -Dcom.sun.management.jmxremote -Dcom.sun.management.jmxremote.port=58446 -Dcom.sun.management.jmxremote.authenticate=false -Dcom.sun.management.jmxremote.ssl=false -Djava.rmi.server.hostname=localhost -Dspring.jmx.enabled=true -Dmanagement.endpoints.jmx.exposure.include=* -Dspring.application.admin.enabled=true -XX:TieredStopAtLevel=1 -Dspring.boot.project.name=enotes-api-service -javaagent:C:\Users\md aamir\Downloads\sts-4.24.0.RELEASE\configuration\org.eclipse.osgi\270\0\.cp\lib\javaagent-shaded.jar -Dfile.encoding=UTF-8 -Dstdout.encoding=UTF-8 -Dstderr.encoding=UTF-8 
java_command: com.aamir.ENotesApiService1Application --spring.output.ansi.enabled=always
java_class_path (initial): F:\Api lectures\E-notes-api-service1\enotes-api-service\target\classes;C:\Users\md aamir\.m2\repository\org\springframework\boot\spring-boot-starter-data-jpa\3.3.4\spring-boot-starter-data-jpa-3.3.4.jar;C:\Users\md aamir\.m2\repository\org\springframework\boot\spring-boot-starter-aop\3.3.4\spring-boot-starter-aop-3.3.4.jar;C:\Users\md aamir\.m2\repository\org\springframework\spring-aop\6.1.13\spring-aop-6.1.13.jar;C:\Users\md aamir\.m2\repository\org\aspectj\aspectjweaver\1.9.22.1\aspectjweaver-1.9.22.1.jar;C:\Users\md aamir\.m2\repository\org\springframework\boot\spring-boot-starter-jdbc\3.3.4\spring-boot-starter-jdbc-3.3.4.jar;C:\Users\md aamir\.m2\repository\com\zaxxer\HikariCP\5.1.0\HikariCP-5.1.0.jar;C:\Users\md aamir\.m2\repository\org\springframework\spring-jdbc\6.1.13\spring-jdbc-6.1.13.jar;C:\Users\md aamir\.m2\repository\org\hibernate\orm\hibernate-core\6.5.3.Final\hibernate-core-6.5.3.Final.jar;C:\Users\md aamir\.m2\repository\jakarta\persistence\jakarta.persistence-api\3.1.0\jakarta.persistence-api-3.1.0.jar;C:\Users\md aamir\.m2\repository\jakarta\transaction\jakarta.transaction-api\2.0.1\jakarta.transaction-api-2.0.1.jar;C:\Users\md aamir\.m2\repository\org\jboss\logging\jboss-logging\3.5.3.Final\jboss-logging-3.5.3.Final.jar;C:\Users\md aamir\.m2\repository\org\hibernate\common\hibernate-commons-annotations\6.0.6.Final\hibernate-commons-annotations-6.0.6.Final.jar;C:\Users\md aamir\.m2\repository\io\smallrye\jandex\3.1.2\jandex-3.1.2.jar;C:\Users\md aamir\.m2\repository\com\fasterxml\classmate\1.7.0\classmate-1.7.0.jar;C:\Users\md aamir\.m2\repository\net\bytebuddy\byte-buddy\1.14.19\byte-buddy-1.14.19.jar;C:\Users\md aamir\.m2\repository\org\glassfish\jaxb\jaxb-runtime\4.0.5\jaxb-runtime-4.0.5.jar;C:\Users\md aamir\.m2\repository\org\glassfish\jaxb\jaxb-core\4.0.5\jaxb-core-4.0.5.jar;C:\Users\md aamir\.m2\repository\org\eclipse\angus\angus-activation\2.0.2\angus-activation-2.0.2.jar;C:\Users\md aamir\.m2\repository\org\glassfish\jaxb\txw2\4.0.5\txw2-4.0.5.jar;C:\Users\md aamir\.m2\repository\com\sun\istack\istack-commons-runtime\4.1.2\istack-commons-runtime-4.1.2.jar;C:\Users\md aamir\.m2\repository\jakarta\inject\jakarta.inject-api\2.0.1\jakarta.inject-api-2.0.1.jar;C:\Users\md aamir\.m2\repository\org\antlr\antlr4-runtime\4.13.0\antlr4-runtime-4.13.0.jar;C:\Users\md aamir\.m2\repository\org\springframework\data\spring-data-jpa\3.3.4\spring-data-jpa-3.3.4.jar;C:\Users\md aamir\.m2\repository\org\springframework\data\spring-data-commons\3.3.4\spring-data-commons-3.3.4.jar;C:\Users\md aamir\.m2\repository\org\springframework\spring-orm\6.1.13\spring-orm-6.1.13.jar;C:\Users\md aamir\.m2\repository\org\springframework\spring-context\6.1.13\spring-context-6.1.13.jar;C:\Users\md aamir\.m2\repository\org\springframework\spring-tx\6.1.13\spring-tx-6.1.13.jar;C:\Users\md aamir\.m2\repository\org\springframework\spring-beans\6.1.13\spring-beans-6.1.13.jar;C:\Users\md aamir\.m2\repository\jakarta\annotation\jakarta.annotation-api\2.1.1\jakarta.annotation-api-2.1.1.jar;C:\Users\md aamir\.m2\repository\org\slf4j\slf4j-api\2.0.16\slf4j-api-2.0.16.jar;C:\Users\md aamir\.m2\repository\org\springframework\spring-aspects\6.1.13\spring-aspects-6.1.13.jar;C:\Users\md aamir\.m2\repository\org\springframework\boot\spring-boot-starter-web\3.3.4\spring-boot-starter-web-3.3.4.jar;C:\Users\md aamir\.m2\repository\org\springframework\boot\spring-boot-starter\3.3.4\spring-boot-starter-3.3.4.jar;C:\Users\md aamir\.m2\repository\org\springframework\boot\spring-boot-starter-logging\3.3.4\spring-boot-starter-logging-3.3.4.jar;C:\Users\md aamir\.m2\repository\ch\qos\logback\logback-classic\1.5.8\logback-classic-1.5.8.jar;C:\Users\md aamir\.m2\repository\ch\qos\logback\logback-core\1.5.8\logback-core-1.5.8.jar;C:\Users\md aamir\.m2\repository\org\apache\logging\log4j\log4j-to-slf4j\2.23.1\log4j-to-slf4j-2.23.1.jar;C:\Users\md aamir\.m2\repository\org\apache\logging\log4j\log4j-api\2.23.1\log4j-api-2.23.1.jar;C:\Users\md aamir\.m2\repository\org\slf4j\jul-to-slf4j\2.0.16\jul-to-slf4j-2.0.16.jar;C:\Users\md aamir\.m2\repository\org\yaml\snakeyaml\2.2\snakeyaml-2.2.jar;C:\Users\md aamir\.m2\repository\org\springframework\boot\spring-boot-starter-json\3.3.4\spring-boot-starter-json-3.3.4.jar;C:\Users\md aamir\.m2\repository\com\fasterxml\jackson\datatype\jackson-datatype-jdk8\2.17.2\jackson-datatype-jdk8-2.17.2.jar;C:\Users\md aamir\.m2\repository\com\fasterxml\jackson\datatype\jackson-datatype-jsr310\2.17.2\jackson-datatype-jsr310-2.17.2.jar;C:\Users\md aamir\.m2\repository\com\fasterxml\jackson\module\jackson-module-parameter-names\2.17.2\jackson-module-parameter-names-2.17.2.jar;C:\Users\md aamir\.m2\repository\org\springframework\boot\spring-boot-starter-tomcat\3.3.4\spring-boot-starter-tomcat-3.3.4.jar;C:\Users\md aamir\.m2\repository\org\apache\tomcat\embed\tomcat-embed-core\10.1.30\tomcat-embed-core-10.1.30.jar;C:\Users\md aamir\.m2\repository\org\apache\tomcat\embed\tomcat-embed-websocket\10.1.30\tomcat-embed-websocket-10.1.30.jar;C:\Users\md aamir\.m2\repository\org\springframework\spring-web\6.1.13\spring-web-6.1.13.jar;C:\Users\md aamir\.m2\repository\io\micrometer\micrometer-observation\1.13.4\micrometer-observation-1.13.4.jar;C:\Users\md aamir\.m2\repository\io\micrometer\micrometer-commons\1.13.4\micrometer-commons-1.13.4.jar;C:\Users\md aamir\.m2\repository\org\springframework\spring-webmvc\6.1.13\spring-webmvc-6.1.13.jar;C:\Users\md aamir\.m2\repository\org\springframework\spring-expression\6.1.13\spring-expression-6.1.13.jar;C:\Users\md aamir\.m2\repository\org\springframework\boot\spring-boot-devtools\3.3.4\spring-boot-devtools-3.3.4.jar;C:\Users\md aamir\.m2\repository\org\springframework\boot\spring-boot\3.3.4\spring-boot-3.3.4.jar;C:\Users\md aamir\.m2\repository\org\springframework\boot\spring-boot-autoconfigure\3.3.4\spring-boot-autoconfigure-3.3.4.jar;C:\Users\md aamir\.m2\repository\org\projectlombok\lombok\1.18.34\lombok-1.18.34.jar;C:\Users\md aamir\.m2\repository\org\modelmapper\modelmapper\3.2.1\modelmapper-3.2.1.jar;C:\Users\md aamir\.m2\repository\com\mysql\mysql-connector-j\8.3.0\mysql-connector-j-8.3.0.jar;C:\Users\md aamir\.m2\repository\jakarta\xml\bind\jakarta.xml.bind-api\4.0.2\jakarta.xml.bind-api-4.0.2.jar;C:\Users\md aamir\.m2\repository\jakarta\activation\jakarta.activation-api\2.1.3\jakarta.activation-api-2.1.3.jar;C:\Users\md aamir\.m2\repository\org\springframework\spring-core\6.1.13\spring-core-6.1.13.jar;C:\Users\md aamir\.m2\repository\org\springframework\spring-jcl\6.1.13\spring-jcl-6.1.13.jar;C:\Users\md aamir\.m2\repository\org\springframework\boot\spring-boot-starter-validation\3.3.4\spring-boot-starter-validation-3.3.4.jar;C:\Users\md aamir\.m2\repository\org\apache\tomcat\embed\tomcat-embed-el\10.1.30\tomcat-embed-el-10.1.30.jar;C:\Users\md aamir\.m2\repository\org\hibernate\validator\hibernate-validator\8.0.1.Final\hibernate-validator-8.0.1.Final.jar;C:\Users\md aamir\.m2\repository\jakarta\validation\jakarta.validation-api\3.0.2\jakarta.validation-api-3.0.2.jar;C:\Users\md aamir\.m2\repository\com\fasterxml\jackson\core\jackson-databind\2.17.2\jackson-databind-2.17.2.jar;C:\Users\md aamir\.m2\repository\com\fasterxml\jackson\core\jackson-annotations\2.17.2\jackson-annotations-2.17.2.jar;C:\Users\md aamir\.m2\repository\com\fasterxml\jackson\core\jackson-core\2.17.2\jackson-core-2.17.2.jar;C:\Users\md aamir\.m2\repository\commons-io\commons-io\2.17.0\commons-io-2.17.0.jar
Launcher Type: SUN_STANDARD

[Global flags]
     intx CICompilerCount                          = 4                                         {product} {ergonomic}
     uint ConcGCThreads                            = 2                                         {product} {ergonomic}
     uint G1ConcRefinementThreads                  = 8                                         {product} {ergonomic}
   size_t G1HeapRegionSize                         = 1048576                                   {product} {ergonomic}
    uintx GCDrainStackTargetSize                   = 64                                        {product} {ergonomic}
   size_t InitialHeapSize                          = 132120576                                 {product} {ergonomic}
     bool ManagementServer                         = true                                      {product} {command line}
   size_t MarkStackSize                            = 4194304                                   {product} {ergonomic}
   size_t MaxHeapSize                              = 2107637760                                {product} {ergonomic}
   size_t MaxNewSize                               = 1264582656                                {product} {ergonomic}
   size_t MinHeapDeltaBytes                        = 1048576                                   {product} {ergonomic}
   size_t MinHeapSize                              = 8388608                                   {product} {ergonomic}
    uintx NonProfiledCodeHeapSize                  = 0                                      {pd product} {ergonomic}
     bool ProfileInterpreter                       = false                                  {pd product} {command line}
    uintx ProfiledCodeHeapSize                     = 0                                      {pd product} {ergonomic}
     bool ShowCodeDetailsInExceptionMessages       = true                                   {manageable} {command line}
   size_t SoftMaxHeapSize                          = 2107637760                             {manageable} {ergonomic}
     intx TieredStopAtLevel                        = 1                                         {product} {command line}
     bool UseCompressedClassPointers               = true                           {product lp64_product} {ergonomic}
     bool UseCompressedOops                        = true                           {product lp64_product} {ergonomic}
     bool UseG1GC                                  = true                                      {product} {ergonomic}
     bool UseLargePagesIndividualAllocation        = false                                  {pd product} {ergonomic}

Logging:
Log output configuration:
 #0: stdout all=warning uptime,level,tags foldmultilines=false
 #1: stderr all=off uptime,level,tags foldmultilines=false

Environment Variables:
JAVA_HOME=C:\Program Files\Java\jdk-18
CLASSPATH=C:\mysql-connector-j-8.0.31.jar;
PATH=C:/Users/md aamir/Downloads/sts-4.24.0.RELEASE//plugins/org.eclipse.justj.openjdk.hotspot.jre.full.win32.x86_64_21.0.3.v20240426-1530/jre/bin/server;C:/Users/md aamir/Downloads/sts-4.24.0.RELEASE//plugins/org.eclipse.justj.openjdk.hotspot.jre.full.win32.x86_64_21.0.3.v20240426-1530/jre/bin;C:\Program Files\Common Files\Oracle\Java\javapath;C:\WINDOWS\system32;C:\WINDOWS;C:\WINDOWS\System32\Wbem;C:\WINDOWS\System32\WindowsPowerShell\v1.0\;C:\WINDOWS\System32\OpenSSH\;C:\Program Files\Java\jdk-18.0.2\bin;C:\Program Files\nodejs\;C:\Program Files\Git\cmd;C:\Users\md aamir\AppData\Local\Microsoft\WindowsApps;C:\Users\md aamir\AppData\Local\Programs\Microsoft VS Code\bin;C:\Users\md aamir\AppData\Roaming\npm;C:\Users\md aamir\AppData\Local\GitHubDesktop\bin;C:\Users\md aamir\Downloads\sts-4.24.0.RELEASE;
USERNAME=md aamir
OS=Windows_NT
PROCESSOR_IDENTIFIER=Intel64 Family 6 Model 142 Stepping 12, GenuineIntel



---------------  S Y S T E M  ---------------

OS:
 Windows 10 , 64 bit Build 19041 (10.0.19041.5072)
OS uptime: 5 days 20:08 hours

CPU: total 8 (initial active 8) (4 cores per cpu, 2 threads per core) family 6 model 142 stepping 12 microcode 0xf8, cx8, cmov, fxsr, ht, mmx, 3dnowpref, sse, sse2, sse3, ssse3, sse4.1, sse4.2, popcnt, lzcnt, tsc, tscinvbit, avx, avx2, aes, erms, clmul, bmi1, bmi2, adx, fma, vzeroupper, clflush, clflushopt

Memory: 4k page, system-wide physical 8039M (1222M free)
TotalPageFile size 11495M (AvailPageFile size 2715M)
current process WorkingSet (physical memory assigned to process): 257M, peak: 271M
current process commit charge ("private bytes"): 311M, peak: 325M

vm_info: Java HotSpot(TM) 64-Bit Server VM (18.0.2+9-61) for windows-amd64 JRE (18.0.2+9-61), built on Jun  7 2022 13:09:01 by "mach5one" with MS VC++ 16.8 / 16.9 (VS2019)

END.
