2025-02-12 00:12 INFO  [File Watcher] o.s.b.d.a.LocalDevToolsAutoConfiguration$RestartingClassPathChangeChangedEventListener - Restarting due to 1 class path change (0 additions, 0 deletions, 1 modification)
2025-02-12 00:12 INFO  [Thread-147] o.a.coyote.http11.Http11NioProtocol - Stopping ProtocolHandler ["http-nio-8080"]
2025-02-12 00:12 INFO  [Thread-147] o.s.o.j.LocalContainerEntityManagerFactoryBean - Closing JPA EntityManagerFactory for persistence unit 'default'
2025-02-12 00:12 INFO  [Thread-147] com.zaxxer.hikari.HikariDataSource - HikariPool-37 - Shutdown initiated...
2025-02-12 00:12 INFO  [Thread-147] com.zaxxer.hikari.HikariDataSource - HikariPool-37 - Shutdown completed.
2025-02-12 00:12 INFO  [restartedMain] c.aamir.ENotesApiService1Application - Starting ENotesApiService1Application using Java 18.0.2 with PID 8092 (F:\Api lectures\E-notes-api-service1\enotes-api-service\target\classes started by md aamir in F:\Api lectures\E-notes-api-service1\enotes-api-service)
2025-02-12 00:12 INFO  [restartedMain] c.aamir.ENotesApiService1Application - The following 1 profile is active: "dev"
2025-02-12 00:12 INFO  [restartedMain] o.s.d.r.c.RepositoryConfigurationDelegate - Bootstrapping Spring Data JPA repositories in DEFAULT mode.
2025-02-12 00:12 INFO  [restartedMain] o.s.d.r.c.RepositoryConfigurationDelegate - Finished Spring Data repository scanning in 19 ms. Found 7 JPA repository interfaces.
2025-02-12 00:12 INFO  [restartedMain] o.s.b.w.e.tomcat.TomcatWebServer - Tomcat initialized with port 8080 (http)
2025-02-12 00:12 INFO  [restartedMain] o.a.coyote.http11.Http11NioProtocol - Initializing ProtocolHandler ["http-nio-8080"]
2025-02-12 00:12 INFO  [restartedMain] o.a.catalina.core.StandardService - Starting service [Tomcat]
2025-02-12 00:12 INFO  [restartedMain] o.a.catalina.core.StandardEngine - Starting Servlet engine: [Apache Tomcat/10.1.28]
2025-02-12 00:12 INFO  [restartedMain] o.a.c.c.C.[Tomcat].[localhost].[/] - Initializing Spring embedded WebApplicationContext
2025-02-12 00:12 INFO  [restartedMain] o.s.b.w.s.c.ServletWebServerApplicationContext - Root WebApplicationContext: initialization completed in 323 ms
2025-02-12 00:12 INFO  [restartedMain] o.h.jpa.internal.util.LogHelper - HHH000204: Processing PersistenceUnitInfo [name: default]
2025-02-12 00:12 INFO  [restartedMain] o.h.c.i.RegionFactoryInitiator - HHH000026: Second-level cache disabled
2025-02-12 00:12 INFO  [restartedMain] o.s.o.j.p.SpringPersistenceUnitInfo - No LoadTimeWeaver setup: ignoring JPA class transformer
2025-02-12 00:12 INFO  [restartedMain] com.zaxxer.hikari.HikariDataSource - HikariPool-38 - Starting...
2025-02-12 00:12 INFO  [restartedMain] com.zaxxer.hikari.pool.HikariPool - HikariPool-38 - Added connection com.mysql.cj.jdbc.ConnectionImpl@21e95a51
2025-02-12 00:12 INFO  [restartedMain] com.zaxxer.hikari.HikariDataSource - HikariPool-38 - Start completed.
2025-02-12 00:12 WARN  [restartedMain] org.hibernate.orm.deprecation - HHH90000025: MySQL8Dialect does not need to be specified explicitly using 'hibernate.dialect' (remove the property setting and it will be selected by default)
2025-02-12 00:12 WARN  [restartedMain] org.hibernate.orm.deprecation - HHH90000026: MySQL8Dialect has been deprecated; use org.hibernate.dialect.MySQLDialect instead
2025-02-12 00:12 INFO  [restartedMain] o.h.e.t.j.p.i.JtaPlatformInitiator - HHH000489: No JTA platform available (set 'hibernate.transaction.jta.platform' to enable JTA platform integration)
2025-02-12 00:12 INFO  [restartedMain] o.s.o.j.LocalContainerEntityManagerFactoryBean - Initialized JPA EntityManagerFactory for persistence unit 'default'
